{"C:\\Users\\Admin\\Desktop\\New folder\\hacker-native\\api\\endpoints.ts": {"path":"C:\\Users\\Admin\\Desktop\\New folder\\hacker-native\\api\\endpoints.ts","statementMap":{"0":{"start":{"line":9,"column":29},"end":{"line":13,"column":1}},"1":{"start":{"line":10,"column":2},"end":{"line":12,"column":41}},"2":{"start":{"line":15,"column":30},"end":{"line":19,"column":1}},"3":{"start":{"line":16,"column":2},"end":{"line":18,"column":41}},"4":{"start":{"line":21,"column":29},"end":{"line":25,"column":1}},"5":{"start":{"line":22,"column":2},"end":{"line":24,"column":41}},"6":{"start":{"line":27,"column":30},"end":{"line":31,"column":1}},"7":{"start":{"line":28,"column":2},"end":{"line":30,"column":41}},"8":{"start":{"line":33,"column":30},"end":{"line":37,"column":1}},"9":{"start":{"line":34,"column":2},"end":{"line":36,"column":37}},"10":{"start":{"line":39,"column":30},"end":{"line":43,"column":1}},"11":{"start":{"line":40,"column":2},"end":{"line":42,"column":37}}},"fnMap":{"0":{"name":"(anonymous_0)","decl":{"start":{"line":9,"column":29},"end":{"line":9,"column":30}},"loc":{"start":{"line":9,"column":35},"end":{"line":13,"column":1}},"line":9},"1":{"name":"(anonymous_1)","decl":{"start":{"line":15,"column":30},"end":{"line":15,"column":31}},"loc":{"start":{"line":15,"column":36},"end":{"line":19,"column":1}},"line":15},"2":{"name":"(anonymous_2)","decl":{"start":{"line":21,"column":29},"end":{"line":21,"column":30}},"loc":{"start":{"line":21,"column":35},"end":{"line":25,"column":1}},"line":21},"3":{"name":"(anonymous_3)","decl":{"start":{"line":27,"column":30},"end":{"line":27,"column":31}},"loc":{"start":{"line":27,"column":36},"end":{"line":31,"column":1}},"line":27},"4":{"name":"(anonymous_4)","decl":{"start":{"line":33,"column":30},"end":{"line":33,"column":31}},"loc":{"start":{"line":33,"column":55},"end":{"line":37,"column":1}},"line":33},"5":{"name":"(anonymous_5)","decl":{"start":{"line":39,"column":30},"end":{"line":39,"column":31}},"loc":{"start":{"line":39,"column":55},"end":{"line":43,"column":1}},"line":39}},"branchMap":{},"s":{"0":4,"1":0,"2":4,"3":0,"4":4,"5":0,"6":4,"7":0,"8":4,"9":0,"10":4,"11":0},"f":{"0":0,"1":0,"2":0,"3":0,"4":0,"5":0},"b":{},"_coverageSchema":"1a1c01bbd47fc00a2c39e90264f33305004495a9","hash":"0b9566868b3fa26b7cceb3d61c5fe6435f88bd54"}
,"C:\\Users\\Admin\\Desktop\\New folder\\hacker-native\\app\\[itemId].tsx": {"path":"C:\\Users\\Admin\\Desktop\\New folder\\hacker-native\\app\\[itemId].tsx","statementMap":{"0":{"start":{"line":23,"column":21},"end":{"line":23,"column":43}},"1":{"start":{"line":24,"column":33},"end":{"line":24,"column":54}},"2":{"start":{"line":26,"column":2},"end":{"line":28,"column":3}},"3":{"start":{"line":27,"column":4},"end":{"line":27,"column":25}},"4":{"start":{"line":30,"column":25},"end":{"line":33,"column":4}},"5":{"start":{"line":35,"column":31},"end":{"line":39,"column":4}},"6":{"start":{"line":41,"column":2},"end":{"line":229,"column":4}},"7":{"start":{"line":75,"column":38},"end":{"line":75,"column":70}},"8":{"start":{"line":123,"column":16},"end":{"line":125,"column":18}},"9":{"start":{"line":144,"column":16},"end":{"line":146,"column":18}},"10":{"start":{"line":166,"column":18},"end":{"line":166,"column":44}},"11":{"start":{"line":197,"column":29},"end":{"line":197,"column":63}},"12":{"start":{"line":232,"column":15},"end":{"line":260,"column":2}}},"fnMap":{"0":{"name":"ItemDetails","decl":{"start":{"line":22,"column":24},"end":{"line":22,"column":35}},"loc":{"start":{"line":22,"column":38},"end":{"line":230,"column":1}},"line":22},"1":{"name":"(anonymous_1)","decl":{"start":{"line":75,"column":32},"end":{"line":75,"column":33}},"loc":{"start":{"line":75,"column":38},"end":{"line":75,"column":70}},"line":75},"2":{"name":"(anonymous_2)","decl":{"start":{"line":122,"column":23},"end":{"line":122,"column":24}},"loc":{"start":{"line":122,"column":35},"end":{"line":126,"column":15}},"line":122},"3":{"name":"(anonymous_3)","decl":{"start":{"line":143,"column":23},"end":{"line":143,"column":24}},"loc":{"start":{"line":143,"column":35},"end":{"line":147,"column":15}},"line":143},"4":{"name":"(anonymous_4)","decl":{"start":{"line":165,"column":25},"end":{"line":165,"column":26}},"loc":{"start":{"line":165,"column":31},"end":{"line":167,"column":17}},"line":165},"5":{"name":"(anonymous_5)","decl":{"start":{"line":197,"column":23},"end":{"line":197,"column":24}},"loc":{"start":{"line":197,"column":29},"end":{"line":197,"column":63}},"line":197}},"branchMap":{"0":{"loc":{"start":{"line":26,"column":2},"end":{"line":28,"column":3}},"type":"if","locations":[{"start":{"line":26,"column":2},"end":{"line":28,"column":3}},{"start":{},"end":{}}],"line":26},"1":{"loc":{"start":{"line":36,"column":37},"end":{"line":36,"column":54}},"type":"binary-expr","locations":[{"start":{"line":36,"column":37},"end":{"line":36,"column":49}},{"start":{"line":36,"column":53},"end":{"line":36,"column":54}}],"line":36},"2":{"loc":{"start":{"line":38,"column":13},"end":{"line":38,"column":54}},"type":"binary-expr","locations":[{"start":{"line":38,"column":13},"end":{"line":38,"column":27}},{"start":{"line":38,"column":31},"end":{"line":38,"column":54}}],"line":38},"3":{"loc":{"start":{"line":46,"column":12},"end":{"line":48,"column":18}},"type":"cond-expr","locations":[{"start":{"line":47,"column":16},"end":{"line":47,"column":67}},{"start":{"line":48,"column":16},"end":{"line":48,"column":18}}],"line":46},"4":{"loc":{"start":{"line":47,"column":28},"end":{"line":47,"column":51}},"type":"binary-expr","locations":[{"start":{"line":47,"column":28},"end":{"line":47,"column":38}},{"start":{"line":47,"column":42},"end":{"line":47,"column":51}}],"line":47},"5":{"loc":{"start":{"line":51,"column":7},"end":{"line":227,"column":7}},"type":"binary-expr","locations":[{"start":{"line":51,"column":7},"end":{"line":51,"column":11}},{"start":{"line":52,"column":8},"end":{"line":226,"column":19}}],"line":51},"6":{"loc":{"start":{"line":53,"column":11},"end":{"line":59,"column":11}},"type":"binary-expr","locations":[{"start":{"line":53,"column":11},"end":{"line":53,"column":41}},{"start":{"line":54,"column":12},"end":{"line":58,"column":19}}],"line":53},"7":{"loc":{"start":{"line":72,"column":28},"end":{"line":72,"column":66}},"type":"cond-expr","locations":[{"start":{"line":72,"column":60},"end":{"line":72,"column":61}},{"start":{"line":72,"column":64},"end":{"line":72,"column":66}}],"line":72},"8":{"loc":{"start":{"line":90,"column":13},"end":{"line":97,"column":13}},"type":"binary-expr","locations":[{"start":{"line":90,"column":13},"end":{"line":90,"column":22}},{"start":{"line":91,"column":14},"end":{"line":96,"column":21}}],"line":90},"9":{"loc":{"start":{"line":99,"column":11},"end":{"line":110,"column":11}},"type":"binary-expr","locations":[{"start":{"line":99,"column":11},"end":{"line":99,"column":40}},{"start":{"line":100,"column":12},"end":{"line":109,"column":14}}],"line":99},"10":{"loc":{"start":{"line":138,"column":17},"end":{"line":138,"column":32}},"type":"binary-expr","locations":[{"start":{"line":138,"column":17},"end":{"line":138,"column":27}},{"start":{"line":138,"column":31},"end":{"line":138,"column":32}}],"line":138},"11":{"loc":{"start":{"line":159,"column":17},"end":{"line":159,"column":39}},"type":"binary-expr","locations":[{"start":{"line":159,"column":17},"end":{"line":159,"column":34}},{"start":{"line":159,"column":38},"end":{"line":159,"column":39}}],"line":159},"12":{"loc":{"start":{"line":162,"column":13},"end":{"line":183,"column":13}},"type":"binary-expr","locations":[{"start":{"line":162,"column":13},"end":{"line":162,"column":21}},{"start":{"line":163,"column":14},"end":{"line":182,"column":26}}],"line":162},"13":{"loc":{"start":{"line":186,"column":11},"end":{"line":225,"column":18}},"type":"cond-expr","locations":[{"start":{"line":187,"column":12},"end":{"line":224,"column":24}},{"start":{"line":225,"column":14},"end":{"line":225,"column":18}}],"line":186},"14":{"loc":{"start":{"line":221,"column":29},"end":{"line":221,"column":64}},"type":"binary-expr","locations":[{"start":{"line":221,"column":29},"end":{"line":221,"column":45}},{"start":{"line":221,"column":49},"end":{"line":221,"column":64}}],"line":221},"15":{"loc":{"start":{"line":222,"column":17},"end":{"line":222,"column":79}},"type":"cond-expr","locations":[{"start":{"line":222,"column":69},"end":{"line":222,"column":74}},{"start":{"line":222,"column":77},"end":{"line":222,"column":79}}],"line":222},"16":{"loc":{"start":{"line":222,"column":18},"end":{"line":222,"column":53}},"type":"binary-expr","locations":[{"start":{"line":222,"column":18},"end":{"line":222,"column":34}},{"start":{"line":222,"column":38},"end":{"line":222,"column":53}}],"line":222}},"s":{"0":0,"1":0,"2":0,"3":0,"4":0,"5":0,"6":0,"7":0,"8":0,"9":0,"10":0,"11":0,"12":0},"f":{"0":0,"1":0,"2":0,"3":0,"4":0,"5":0},"b":{"0":[0,0],"1":[0,0],"2":[0,0],"3":[0,0],"4":[0,0],"5":[0,0],"6":[0,0],"7":[0,0],"8":[0,0],"9":[0,0],"10":[0,0],"11":[0,0],"12":[0,0],"13":[0,0],"14":[0,0],"15":[0,0],"16":[0,0]}}
,"C:\\Users\\Admin\\Desktop\\New folder\\hacker-native\\app\\_layout.tsx": {"path":"C:\\Users\\Admin\\Desktop\\New folder\\hacker-native\\app\\_layout.tsx","statementMap":{"0":{"start":{"line":11,"column":20},"end":{"line":11,"column":37}},"1":{"start":{"line":14,"column":19},"end":{"line":14,"column":38}},"2":{"start":{"line":16,"column":2},"end":{"line":41,"column":4}},"3":{"start":{"line":23,"column":16},"end":{"line":28,"column":18}}},"fnMap":{"0":{"name":"Layout","decl":{"start":{"line":13,"column":24},"end":{"line":13,"column":30}},"loc":{"start":{"line":13,"column":33},"end":{"line":42,"column":1}},"line":13},"1":{"name":"(anonymous_1)","decl":{"start":{"line":22,"column":32},"end":{"line":22,"column":33}},"loc":{"start":{"line":23,"column":16},"end":{"line":28,"column":18}},"line":23}},"branchMap":{},"s":{"0":0,"1":0,"2":0,"3":0},"f":{"0":0,"1":0},"b":{}}
,"C:\\Users\\Admin\\Desktop\\New folder\\hacker-native\\app\\index.tsx": {"path":"C:\\Users\\Admin\\Desktop\\New folder\\hacker-native\\app\\index.tsx","statementMap":{"0":{"start":{"line":16,"column":36},"end":{"line":16,"column":69}},"1":{"start":{"line":18,"column":33},"end":{"line":24,"column":8}},"2":{"start":{"line":19,"column":4},"end":{"line":23,"column":8}},"3":{"start":{"line":19,"column":48},"end":{"line":23,"column":5}},"4":{"start":{"line":26,"column":2},"end":{"line":48,"column":4}},"5":{"start":{"line":32,"column":12},"end":{"line":36,"column":19}},"6":{"start":{"line":50,"column":15},"end":{"line":71,"column":2}}},"fnMap":{"0":{"name":"HomeScreen","decl":{"start":{"line":15,"column":24},"end":{"line":15,"column":34}},"loc":{"start":{"line":15,"column":37},"end":{"line":49,"column":1}},"line":15},"1":{"name":"(anonymous_1)","decl":{"start":{"line":18,"column":41},"end":{"line":18,"column":42}},"loc":{"start":{"line":18,"column":47},"end":{"line":24,"column":3}},"line":18},"2":{"name":"(anonymous_2)","decl":{"start":{"line":19,"column":26},"end":{"line":19,"column":27}},"loc":{"start":{"line":19,"column":48},"end":{"line":23,"column":5}},"line":19},"3":{"name":"(anonymous_3)","decl":{"start":{"line":31,"column":23},"end":{"line":31,"column":24}},"loc":{"start":{"line":32,"column":12},"end":{"line":36,"column":19}},"line":32}},"branchMap":{},"s":{"0":0,"1":0,"2":0,"3":0,"4":0,"5":0,"6":0},"f":{"0":0,"1":0,"2":0,"3":0},"b":{}}
,"C:\\Users\\Admin\\Desktop\\New folder\\hacker-native\\app\\users\\[userId].tsx": {"path":"C:\\Users\\Admin\\Desktop\\New folder\\hacker-native\\app\\users\\[userId].tsx","statementMap":{"0":{"start":{"line":18,"column":21},"end":{"line":18,"column":43}},"1":{"start":{"line":19,"column":33},"end":{"line":19,"column":54}},"2":{"start":{"line":21,"column":2},"end":{"line":23,"column":3}},"3":{"start":{"line":22,"column":4},"end":{"line":22,"column":25}},"4":{"start":{"line":25,"column":25},"end":{"line":28,"column":4}},"5":{"start":{"line":30,"column":2},"end":{"line":51,"column":4}},"6":{"start":{"line":54,"column":15},"end":{"line":103,"column":2}}},"fnMap":{"0":{"name":"UserDetails","decl":{"start":{"line":17,"column":24},"end":{"line":17,"column":35}},"loc":{"start":{"line":17,"column":38},"end":{"line":52,"column":1}},"line":17}},"branchMap":{"0":{"loc":{"start":{"line":21,"column":2},"end":{"line":23,"column":3}},"type":"if","locations":[{"start":{"line":21,"column":2},"end":{"line":23,"column":3}},{"start":{},"end":{}}],"line":21},"1":{"loc":{"start":{"line":33,"column":7},"end":{"line":49,"column":7}},"type":"binary-expr","locations":[{"start":{"line":33,"column":7},"end":{"line":33,"column":11}},{"start":{"line":34,"column":8},"end":{"line":48,"column":21}}],"line":33},"2":{"loc":{"start":{"line":38,"column":43},"end":{"line":38,"column":58}},"type":"binary-expr","locations":[{"start":{"line":38,"column":43},"end":{"line":38,"column":53}},{"start":{"line":38,"column":57},"end":{"line":38,"column":58}}],"line":38},"3":{"loc":{"start":{"line":39,"column":13},"end":{"line":45,"column":13}},"type":"binary-expr","locations":[{"start":{"line":39,"column":13},"end":{"line":39,"column":43}},{"start":{"line":40,"column":14},"end":{"line":44,"column":16}}],"line":39}},"s":{"0":0,"1":0,"2":0,"3":0,"4":0,"5":0,"6":0},"f":{"0":0},"b":{"0":[0,0],"1":[0,0],"2":[0,0],"3":[0,0]}}
,"C:\\Users\\Admin\\Desktop\\New folder\\hacker-native\\assets\\icons\\logo.tsx": {"path":"C:\\Users\\Admin\\Desktop\\New folder\\hacker-native\\assets\\icons\\logo.tsx","statementMap":{"0":{"start":{"line":4,"column":20},"end":{"line":12,"column":1}},"1":{"start":{"line":5,"column":2},"end":{"line":11,"column":8}}},"fnMap":{"0":{"name":"(anonymous_0)","decl":{"start":{"line":4,"column":20},"end":{"line":4,"column":21}},"loc":{"start":{"line":5,"column":2},"end":{"line":11,"column":8}},"line":5}},"branchMap":{},"s":{"0":0,"1":0},"f":{"0":0},"b":{}}
,"C:\\Users\\Admin\\Desktop\\New folder\\hacker-native\\components\\Avatar.tsx": {"path":"C:\\Users\\Admin\\Desktop\\New folder\\hacker-native\\components\\Avatar.tsx","statementMap":{"0":{"start":{"line":8,"column":22},"end":{"line":14,"column":1}},"1":{"start":{"line":9,"column":2},"end":{"line":13,"column":4}},"2":{"start":{"line":16,"column":15},"end":{"line":36,"column":2}}},"fnMap":{"0":{"name":"(anonymous_0)","decl":{"start":{"line":8,"column":22},"end":{"line":8,"column":23}},"loc":{"start":{"line":8,"column":43},"end":{"line":14,"column":1}},"line":8}},"branchMap":{},"s":{"0":0,"1":0,"2":0},"f":{"0":0},"b":{}}
,"C:\\Users\\Admin\\Desktop\\New folder\\hacker-native\\components\\FeedbackForm.tsx": {"path":"C:\\Users\\Admin\\Desktop\\New folder\\hacker-native\\components\\FeedbackForm.tsx","statementMap":{"0":{"start":{"line":6,"column":28},"end":{"line":6,"column":47}},"1":{"start":{"line":7,"column":32},"end":{"line":7,"column":44}},"2":{"start":{"line":8,"column":30},"end":{"line":8,"column":80}},"3":{"start":{"line":9,"column":46},"end":{"line":9,"column":58}},"4":{"start":{"line":11,"column":2},"end":{"line":27,"column":9}},"5":{"start":{"line":13,"column":30},"end":{"line":24,"column":5}},"6":{"start":{"line":14,"column":6},"end":{"line":23,"column":7}},"7":{"start":{"line":15,"column":30},"end":{"line":15,"column":68}},"8":{"start":{"line":16,"column":8},"end":{"line":20,"column":9}},"9":{"start":{"line":17,"column":63},"end":{"line":17,"column":88}},"10":{"start":{"line":18,"column":10},"end":{"line":18,"column":36}},"11":{"start":{"line":19,"column":10},"end":{"line":19,"column":41}},"12":{"start":{"line":22,"column":8},"end":{"line":22,"column":62}},"13":{"start":{"line":26,"column":4},"end":{"line":26,"column":24}},"14":{"start":{"line":29,"column":26},"end":{"line":34,"column":3}},"15":{"start":{"line":30,"column":4},"end":{"line":30,"column":21}},"16":{"start":{"line":31,"column":4},"end":{"line":33,"column":5}},"17":{"start":{"line":32,"column":6},"end":{"line":32,"column":57}},"18":{"start":{"line":32,"column":25},"end":{"line":32,"column":54}},"19":{"start":{"line":36,"column":23},"end":{"line":56,"column":3}},"20":{"start":{"line":37,"column":60},"end":{"line":37,"column":62}},"21":{"start":{"line":39,"column":4},"end":{"line":41,"column":5}},"22":{"start":{"line":40,"column":6},"end":{"line":40,"column":50}},"23":{"start":{"line":43,"column":4},"end":{"line":46,"column":5}},"24":{"start":{"line":44,"column":6},"end":{"line":44,"column":27}},"25":{"start":{"line":45,"column":6},"end":{"line":45,"column":13}},"26":{"start":{"line":48,"column":4},"end":{"line":55,"column":5}},"27":{"start":{"line":49,"column":23},"end":{"line":49,"column":41}},"28":{"start":{"line":50,"column":6},"end":{"line":50,"column":71}},"29":{"start":{"line":51,"column":6},"end":{"line":51,"column":59}},"30":{"start":{"line":52,"column":6},"end":{"line":52,"column":20}},"31":{"start":{"line":54,"column":6},"end":{"line":54,"column":56}},"32":{"start":{"line":58,"column":22},"end":{"line":74,"column":3}},"33":{"start":{"line":59,"column":4},"end":{"line":73,"column":6}},"34":{"start":{"line":62,"column":10},"end":{"line":70,"column":29}},"35":{"start":{"line":64,"column":27},"end":{"line":64,"column":50}},"36":{"start":{"line":76,"column":2},"end":{"line":131,"column":4}}},"fnMap":{"0":{"name":"FeedbackForm","decl":{"start":{"line":5,"column":24},"end":{"line":5,"column":36}},"loc":{"start":{"line":5,"column":39},"end":{"line":132,"column":1}},"line":5},"1":{"name":"(anonymous_1)","decl":{"start":{"line":11,"column":12},"end":{"line":11,"column":13}},"loc":{"start":{"line":11,"column":18},"end":{"line":27,"column":3}},"line":11},"2":{"name":"(anonymous_2)","decl":{"start":{"line":13,"column":30},"end":{"line":13,"column":31}},"loc":{"start":{"line":13,"column":42},"end":{"line":24,"column":5}},"line":13},"3":{"name":"(anonymous_3)","decl":{"start":{"line":29,"column":26},"end":{"line":29,"column":27}},"loc":{"start":{"line":29,"column":46},"end":{"line":34,"column":3}},"line":29},"4":{"name":"(anonymous_4)","decl":{"start":{"line":32,"column":16},"end":{"line":32,"column":17}},"loc":{"start":{"line":32,"column":25},"end":{"line":32,"column":54}},"line":32},"5":{"name":"(anonymous_5)","decl":{"start":{"line":36,"column":23},"end":{"line":36,"column":24}},"loc":{"start":{"line":36,"column":35},"end":{"line":56,"column":3}},"line":36},"6":{"name":"(anonymous_6)","decl":{"start":{"line":58,"column":22},"end":{"line":58,"column":23}},"loc":{"start":{"line":58,"column":28},"end":{"line":74,"column":3}},"line":58},"7":{"name":"(anonymous_7)","decl":{"start":{"line":61,"column":29},"end":{"line":61,"column":30}},"loc":{"start":{"line":62,"column":10},"end":{"line":70,"column":29}},"line":62},"8":{"name":"(anonymous_8)","decl":{"start":{"line":64,"column":21},"end":{"line":64,"column":22}},"loc":{"start":{"line":64,"column":27},"end":{"line":64,"column":50}},"line":64}},"branchMap":{"0":{"loc":{"start":{"line":16,"column":8},"end":{"line":20,"column":9}},"type":"if","locations":[{"start":{"line":16,"column":8},"end":{"line":20,"column":9}},{"start":{},"end":{}}],"line":16},"1":{"loc":{"start":{"line":18,"column":19},"end":{"line":18,"column":34}},"type":"binary-expr","locations":[{"start":{"line":18,"column":19},"end":{"line":18,"column":29}},{"start":{"line":18,"column":33},"end":{"line":18,"column":34}}],"line":18},"2":{"loc":{"start":{"line":19,"column":21},"end":{"line":19,"column":39}},"type":"binary-expr","locations":[{"start":{"line":19,"column":21},"end":{"line":19,"column":33}},{"start":{"line":19,"column":37},"end":{"line":19,"column":39}}],"line":19},"3":{"loc":{"start":{"line":31,"column":4},"end":{"line":33,"column":5}},"type":"if","locations":[{"start":{"line":31,"column":4},"end":{"line":33,"column":5}},{"start":{},"end":{}}],"line":31},"4":{"loc":{"start":{"line":39,"column":4},"end":{"line":41,"column":5}},"type":"if","locations":[{"start":{"line":39,"column":4},"end":{"line":41,"column":5}},{"start":{},"end":{}}],"line":39},"5":{"loc":{"start":{"line":43,"column":4},"end":{"line":46,"column":5}},"type":"if","locations":[{"start":{"line":43,"column":4},"end":{"line":46,"column":5}},{"start":{},"end":{}}],"line":43},"6":{"loc":{"start":{"line":67,"column":48},"end":{"line":67,"column":84}},"type":"cond-expr","locations":[{"start":{"line":67,"column":66},"end":{"line":67,"column":75}},{"start":{"line":67,"column":78},"end":{"line":67,"column":84}}],"line":67},"7":{"loc":{"start":{"line":82,"column":7},"end":{"line":84,"column":7}},"type":"binary-expr","locations":[{"start":{"line":82,"column":7},"end":{"line":82,"column":19}},{"start":{"line":83,"column":8},"end":{"line":83,"column":91}}],"line":82},"8":{"loc":{"start":{"line":119,"column":7},"end":{"line":123,"column":7}},"type":"binary-expr","locations":[{"start":{"line":119,"column":7},"end":{"line":119,"column":21}},{"start":{"line":120,"column":8},"end":{"line":122,"column":15}}],"line":119},"9":{"loc":{"start":{"line":125,"column":7},"end":{"line":129,"column":7}},"type":"binary-expr","locations":[{"start":{"line":125,"column":7},"end":{"line":125,"column":21}},{"start":{"line":126,"column":8},"end":{"line":128,"column":15}}],"line":125}},"s":{"0":12,"1":12,"2":12,"3":12,"4":12,"5":5,"6":5,"7":5,"8":5,"9":1,"10":1,"11":1,"12":0,"13":5,"14":12,"15":2,"16":2,"17":0,"18":0,"19":12,"20":3,"21":3,"22":1,"23":3,"24":1,"25":1,"26":2,"27":2,"28":2,"29":1,"30":1,"31":1,"32":12,"33":12,"34":60,"35":2,"36":12},"f":{"0":12,"1":5,"2":5,"3":2,"4":0,"5":3,"6":12,"7":60,"8":2},"b":{"0":[1,4],"1":[1,0],"2":[1,0],"3":[0,2],"4":[1,2],"5":[1,2],"6":[29,31],"7":[12,1],"8":[12,1],"9":[12,1]},"_coverageSchema":"1a1c01bbd47fc00a2c39e90264f33305004495a9","hash":"deed8d99db6be6ed9f34a5203f761d7cd4bea126"}
,"C:\\Users\\Admin\\Desktop\\New folder\\hacker-native\\components\\PostDetail.tsx": {"path":"C:\\Users\\Admin\\Desktop\\New folder\\hacker-native\\components\\PostDetail.tsx","statementMap":{"0":{"start":{"line":22,"column":26},"end":{"line":22,"column":53}},"1":{"start":{"line":23,"column":34},"end":{"line":23,"column":57}},"2":{"start":{"line":24,"column":32},"end":{"line":24,"column":46}},"3":{"start":{"line":26,"column":2},"end":{"line":50,"column":15}},"4":{"start":{"line":27,"column":22},"end":{"line":47,"column":5}},"5":{"start":{"line":28,"column":6},"end":{"line":46,"column":7}},"6":{"start":{"line":29,"column":8},"end":{"line":29,"column":25}},"7":{"start":{"line":30,"column":25},"end":{"line":30,"column":97}},"8":{"start":{"line":31,"column":25},"end":{"line":31,"column":46}},"9":{"start":{"line":32,"column":8},"end":{"line":32,"column":26}},"10":{"start":{"line":35,"column":8},"end":{"line":41,"column":9}},"11":{"start":{"line":36,"column":34},"end":{"line":38,"column":11}},"12":{"start":{"line":37,"column":12},"end":{"line":37,"column":98}},"13":{"start":{"line":37,"column":87},"end":{"line":37,"column":97}},"14":{"start":{"line":39,"column":30},"end":{"line":39,"column":64}},"15":{"start":{"line":40,"column":10},"end":{"line":40,"column":82}},"16":{"start":{"line":40,"column":52},"end":{"line":40,"column":79}},"17":{"start":{"line":43,"column":8},"end":{"line":43,"column":53}},"18":{"start":{"line":45,"column":8},"end":{"line":45,"column":26}},"19":{"start":{"line":49,"column":4},"end":{"line":49,"column":16}},"20":{"start":{"line":52,"column":26},"end":{"line":64,"column":3}},"21":{"start":{"line":53,"column":4},"end":{"line":53,"column":28}},"22":{"start":{"line":53,"column":21},"end":{"line":53,"column":28}},"23":{"start":{"line":55,"column":4},"end":{"line":63,"column":5}},"24":{"start":{"line":56,"column":30},"end":{"line":58,"column":7}},"25":{"start":{"line":57,"column":8},"end":{"line":57,"column":94}},"26":{"start":{"line":57,"column":83},"end":{"line":57,"column":93}},"27":{"start":{"line":59,"column":26},"end":{"line":59,"column":60}},"28":{"start":{"line":60,"column":6},"end":{"line":60,"column":78}},"29":{"start":{"line":60,"column":48},"end":{"line":60,"column":75}},"30":{"start":{"line":62,"column":6},"end":{"line":62,"column":57}},"31":{"start":{"line":66,"column":2},"end":{"line":72,"column":3}},"32":{"start":{"line":67,"column":4},"end":{"line":71,"column":6}},"33":{"start":{"line":74,"column":2},"end":{"line":80,"column":3}},"34":{"start":{"line":75,"column":4},"end":{"line":79,"column":6}},"35":{"start":{"line":82,"column":2},"end":{"line":131,"column":4}},"36":{"start":{"line":119,"column":12},"end":{"line":126,"column":19}}},"fnMap":{"0":{"name":"PostDetail","decl":{"start":{"line":21,"column":24},"end":{"line":21,"column":34}},"loc":{"start":{"line":21,"column":64},"end":{"line":132,"column":1}},"line":21},"1":{"name":"(anonymous_1)","decl":{"start":{"line":26,"column":12},"end":{"line":26,"column":13}},"loc":{"start":{"line":26,"column":18},"end":{"line":50,"column":3}},"line":26},"2":{"name":"(anonymous_2)","decl":{"start":{"line":27,"column":22},"end":{"line":27,"column":23}},"loc":{"start":{"line":27,"column":34},"end":{"line":47,"column":5}},"line":27},"3":{"name":"(anonymous_3)","decl":{"start":{"line":36,"column":65},"end":{"line":36,"column":66}},"loc":{"start":{"line":37,"column":12},"end":{"line":37,"column":98}},"line":37},"4":{"name":"(anonymous_4)","decl":{"start":{"line":37,"column":80},"end":{"line":37,"column":81}},"loc":{"start":{"line":37,"column":87},"end":{"line":37,"column":97}},"line":37},"5":{"name":"(anonymous_5)","decl":{"start":{"line":40,"column":41},"end":{"line":40,"column":42}},"loc":{"start":{"line":40,"column":52},"end":{"line":40,"column":79}},"line":40},"6":{"name":"(anonymous_6)","decl":{"start":{"line":52,"column":26},"end":{"line":52,"column":27}},"loc":{"start":{"line":52,"column":38},"end":{"line":64,"column":3}},"line":52},"7":{"name":"(anonymous_7)","decl":{"start":{"line":56,"column":57},"end":{"line":56,"column":58}},"loc":{"start":{"line":57,"column":8},"end":{"line":57,"column":94}},"line":57},"8":{"name":"(anonymous_8)","decl":{"start":{"line":57,"column":76},"end":{"line":57,"column":77}},"loc":{"start":{"line":57,"column":83},"end":{"line":57,"column":93}},"line":57},"9":{"name":"(anonymous_9)","decl":{"start":{"line":60,"column":37},"end":{"line":60,"column":38}},"loc":{"start":{"line":60,"column":48},"end":{"line":60,"column":75}},"line":60},"10":{"name":"(anonymous_10)","decl":{"start":{"line":118,"column":23},"end":{"line":118,"column":24}},"loc":{"start":{"line":119,"column":12},"end":{"line":126,"column":19}},"line":119}},"branchMap":{"0":{"loc":{"start":{"line":35,"column":8},"end":{"line":41,"column":9}},"type":"if","locations":[{"start":{"line":35,"column":8},"end":{"line":41,"column":9}},{"start":{},"end":{}}],"line":35},"1":{"loc":{"start":{"line":35,"column":12},"end":{"line":35,"column":53}},"type":"binary-expr","locations":[{"start":{"line":35,"column":12},"end":{"line":35,"column":25}},{"start":{"line":35,"column":29},"end":{"line":35,"column":53}}],"line":35},"2":{"loc":{"start":{"line":40,"column":52},"end":{"line":40,"column":79}},"type":"binary-expr","locations":[{"start":{"line":40,"column":52},"end":{"line":40,"column":59}},{"start":{"line":40,"column":63},"end":{"line":40,"column":79}}],"line":40},"3":{"loc":{"start":{"line":53,"column":4},"end":{"line":53,"column":28}},"type":"if","locations":[{"start":{"line":53,"column":4},"end":{"line":53,"column":28}},{"start":{},"end":{}}],"line":53},"4":{"loc":{"start":{"line":60,"column":48},"end":{"line":60,"column":75}},"type":"binary-expr","locations":[{"start":{"line":60,"column":48},"end":{"line":60,"column":55}},{"start":{"line":60,"column":59},"end":{"line":60,"column":75}}],"line":60},"5":{"loc":{"start":{"line":66,"column":2},"end":{"line":72,"column":3}},"type":"if","locations":[{"start":{"line":66,"column":2},"end":{"line":72,"column":3}},{"start":{},"end":{}}],"line":66},"6":{"loc":{"start":{"line":74,"column":2},"end":{"line":80,"column":3}},"type":"if","locations":[{"start":{"line":74,"column":2},"end":{"line":80,"column":3}},{"start":{},"end":{}}],"line":74},"7":{"loc":{"start":{"line":92,"column":9},"end":{"line":96,"column":9}},"type":"binary-expr","locations":[{"start":{"line":92,"column":9},"end":{"line":92,"column":21}},{"start":{"line":93,"column":10},"end":{"line":95,"column":17}}],"line":92},"8":{"loc":{"start":{"line":115,"column":9},"end":{"line":128,"column":9}},"type":"cond-expr","locations":[{"start":{"line":116,"column":10},"end":{"line":116,"column":44}},{"start":{"line":118,"column":10},"end":{"line":127,"column":12}}],"line":115}},"s":{"0":9,"1":9,"2":9,"3":9,"4":4,"5":4,"6":4,"7":4,"8":4,"9":4,"10":4,"11":3,"12":6,"13":6,"14":3,"15":3,"16":6,"17":0,"18":4,"19":4,"20":9,"21":1,"22":0,"23":1,"24":1,"25":2,"26":2,"27":1,"28":1,"29":2,"30":0,"31":9,"32":4,"33":5,"34":0,"35":5,"36":8},"f":{"0":9,"1":4,"2":4,"3":6,"4":6,"5":6,"6":1,"7":2,"8":2,"9":2,"10":8},"b":{"0":[3,1],"1":[4,3],"2":[6,6],"3":[0,1],"4":[2,2],"5":[4,5],"6":[0,5],"7":[5,5],"8":[1,4]},"_coverageSchema":"1a1c01bbd47fc00a2c39e90264f33305004495a9","hash":"85df6b9181daa326d0a9e51263d694bec2c36650"}
,"C:\\Users\\Admin\\Desktop\\New folder\\hacker-native\\components\\Search.tsx": {"path":"C:\\Users\\Admin\\Desktop\\New folder\\hacker-native\\components\\Search.tsx","statementMap":{"0":{"start":{"line":11,"column":28},"end":{"line":11,"column":40}},"1":{"start":{"line":12,"column":32},"end":{"line":12,"column":60}},"2":{"start":{"line":13,"column":32},"end":{"line":13,"column":47}},"3":{"start":{"line":14,"column":28},"end":{"line":14,"column":57}},"4":{"start":{"line":16,"column":2},"end":{"line":52,"column":14}},"5":{"start":{"line":17,"column":4},"end":{"line":20,"column":5}},"6":{"start":{"line":18,"column":6},"end":{"line":18,"column":21}},"7":{"start":{"line":19,"column":6},"end":{"line":19,"column":13}},"8":{"start":{"line":22,"column":24},"end":{"line":48,"column":5}},"9":{"start":{"line":23,"column":6},"end":{"line":47,"column":7}},"10":{"start":{"line":24,"column":8},"end":{"line":24,"column":25}},"11":{"start":{"line":25,"column":8},"end":{"line":25,"column":23}},"12":{"start":{"line":28,"column":25},"end":{"line":28,"column":93}},"13":{"start":{"line":29,"column":25},"end":{"line":29,"column":46}},"14":{"start":{"line":32,"column":30},"end":{"line":34,"column":9}},"15":{"start":{"line":33,"column":10},"end":{"line":33,"column":96}},"16":{"start":{"line":33,"column":85},"end":{"line":33,"column":95}},"17":{"start":{"line":36,"column":24},"end":{"line":36,"column":56}},"18":{"start":{"line":37,"column":32},"end":{"line":39,"column":9}},"19":{"start":{"line":38,"column":10},"end":{"line":38,"column":89}},"20":{"start":{"line":41,"column":8},"end":{"line":41,"column":36}},"21":{"start":{"line":43,"column":8},"end":{"line":43,"column":43}},"22":{"start":{"line":44,"column":8},"end":{"line":44,"column":23}},"23":{"start":{"line":46,"column":8},"end":{"line":46,"column":26}},"24":{"start":{"line":50,"column":22},"end":{"line":50,"column":50}},"25":{"start":{"line":51,"column":4},"end":{"line":51,"column":41}},"26":{"start":{"line":51,"column":17},"end":{"line":51,"column":40}},"27":{"start":{"line":54,"column":23},"end":{"line":59,"column":3}},"28":{"start":{"line":55,"column":4},"end":{"line":58,"column":23}},"29":{"start":{"line":61,"column":2},"end":{"line":94,"column":4}},"30":{"start":{"line":89,"column":34},"end":{"line":89,"column":52}}},"fnMap":{"0":{"name":"Search","decl":{"start":{"line":10,"column":24},"end":{"line":10,"column":30}},"loc":{"start":{"line":10,"column":33},"end":{"line":95,"column":1}},"line":10},"1":{"name":"(anonymous_1)","decl":{"start":{"line":16,"column":12},"end":{"line":16,"column":13}},"loc":{"start":{"line":16,"column":18},"end":{"line":52,"column":3}},"line":16},"2":{"name":"(anonymous_2)","decl":{"start":{"line":22,"column":24},"end":{"line":22,"column":25}},"loc":{"start":{"line":22,"column":36},"end":{"line":48,"column":5}},"line":22},"3":{"name":"(anonymous_3)","decl":{"start":{"line":32,"column":56},"end":{"line":32,"column":57}},"loc":{"start":{"line":33,"column":10},"end":{"line":33,"column":96}},"line":33},"4":{"name":"(anonymous_4)","decl":{"start":{"line":33,"column":78},"end":{"line":33,"column":79}},"loc":{"start":{"line":33,"column":85},"end":{"line":33,"column":95}},"line":33},"5":{"name":"(anonymous_5)","decl":{"start":{"line":37,"column":47},"end":{"line":37,"column":48}},"loc":{"start":{"line":38,"column":10},"end":{"line":38,"column":89}},"line":38},"6":{"name":"(anonymous_6)","decl":{"start":{"line":51,"column":11},"end":{"line":51,"column":12}},"loc":{"start":{"line":51,"column":17},"end":{"line":51,"column":40}},"line":51},"7":{"name":"(anonymous_7)","decl":{"start":{"line":54,"column":23},"end":{"line":54,"column":24}},"loc":{"start":{"line":55,"column":4},"end":{"line":58,"column":23}},"line":55},"8":{"name":"(anonymous_8)","decl":{"start":{"line":89,"column":24},"end":{"line":89,"column":25}},"loc":{"start":{"line":89,"column":34},"end":{"line":89,"column":52}},"line":89}},"branchMap":{"0":{"loc":{"start":{"line":17,"column":4},"end":{"line":20,"column":5}},"type":"if","locations":[{"start":{"line":17,"column":4},"end":{"line":20,"column":5}},{"start":{},"end":{}}],"line":17},"1":{"loc":{"start":{"line":38,"column":10},"end":{"line":38,"column":89}},"type":"binary-expr","locations":[{"start":{"line":38,"column":10},"end":{"line":38,"column":15}},{"start":{"line":38,"column":19},"end":{"line":38,"column":30}},{"start":{"line":38,"column":34},"end":{"line":38,"column":89}}],"line":38},"2":{"loc":{"start":{"line":77,"column":7},"end":{"line":77,"column":88}},"type":"binary-expr","locations":[{"start":{"line":77,"column":7},"end":{"line":77,"column":14}},{"start":{"line":77,"column":18},"end":{"line":77,"column":88}}],"line":77},"3":{"loc":{"start":{"line":79,"column":7},"end":{"line":79,"column":95}},"type":"binary-expr","locations":[{"start":{"line":79,"column":7},"end":{"line":79,"column":12}},{"start":{"line":79,"column":16},"end":{"line":79,"column":95}}],"line":79},"4":{"loc":{"start":{"line":81,"column":7},"end":{"line":83,"column":7}},"type":"binary-expr","locations":[{"start":{"line":81,"column":7},"end":{"line":81,"column":15}},{"start":{"line":81,"column":19},"end":{"line":81,"column":25}},{"start":{"line":81,"column":29},"end":{"line":81,"column":48}},{"start":{"line":81,"column":52},"end":{"line":81,"column":72}},{"start":{"line":82,"column":8},"end":{"line":82,"column":82}}],"line":81},"5":{"loc":{"start":{"line":85,"column":7},"end":{"line":92,"column":7}},"type":"binary-expr","locations":[{"start":{"line":85,"column":7},"end":{"line":85,"column":25}},{"start":{"line":86,"column":8},"end":{"line":91,"column":10}}],"line":85}},"s":{"0":12,"1":12,"2":12,"3":12,"4":12,"5":7,"6":4,"7":4,"8":3,"9":1,"10":1,"11":1,"12":1,"13":1,"14":1,"15":2,"16":2,"17":1,"18":1,"19":2,"20":1,"21":0,"22":0,"23":1,"24":3,"25":3,"26":3,"27":12,"28":2,"29":12,"30":2},"f":{"0":12,"1":7,"2":1,"3":2,"4":2,"5":2,"6":3,"7":2,"8":2},"b":{"0":[4,3],"1":[2,2,2],"2":[12,0],"3":[12,0],"4":[12,12,12,4,3],"5":[12,1]},"_coverageSchema":"1a1c01bbd47fc00a2c39e90264f33305004495a9","hash":"3d43f7b4fc5401acb1a82ea1a31e3efe8b15186d"}
,"C:\\Users\\Admin\\Desktop\\New folder\\hacker-native\\components\\Select.tsx": {"path":"C:\\Users\\Admin\\Desktop\\New folder\\hacker-native\\components\\Select.tsx","statementMap":{"0":{"start":{"line":30,"column":25},"end":{"line":30,"column":67}},"1":{"start":{"line":32,"column":27},"end":{"line":32,"column":48}},"2":{"start":{"line":34,"column":29},"end":{"line":117,"column":1}},"3":{"start":{"line":40,"column":30},"end":{"line":40,"column":51}},"4":{"start":{"line":42,"column":25},"end":{"line":45,"column":3}},"5":{"start":{"line":43,"column":10},"end":{"line":43,"column":55}},"6":{"start":{"line":43,"column":35},"end":{"line":43,"column":54}},"7":{"start":{"line":47,"column":20},"end":{"line":47,"column":37}},"8":{"start":{"line":49,"column":24},"end":{"line":51,"column":5}},"9":{"start":{"line":49,"column":48},"end":{"line":51,"column":3}},"10":{"start":{"line":53,"column":2},"end":{"line":58,"column":15}},"11":{"start":{"line":54,"column":4},"end":{"line":57,"column":6}},"12":{"start":{"line":60,"column":2},"end":{"line":116,"column":4}},"13":{"start":{"line":73,"column":26},"end":{"line":73,"column":42}},"14":{"start":{"line":82,"column":31},"end":{"line":82,"column":48}},"15":{"start":{"line":84,"column":12},"end":{"line":102,"column":14}},"16":{"start":{"line":92,"column":18},"end":{"line":92,"column":36}},"17":{"start":{"line":93,"column":18},"end":{"line":93,"column":35}},"18":{"start":{"line":108,"column":23},"end":{"line":108,"column":49}},"19":{"start":{"line":108,"column":43},"end":{"line":108,"column":48}},"20":{"start":{"line":119,"column":15},"end":{"line":175,"column":2}}},"fnMap":{"0":{"name":"(anonymous_0)","decl":{"start":{"line":34,"column":29},"end":{"line":34,"column":30}},"loc":{"start":{"line":39,"column":13},"end":{"line":117,"column":1}},"line":39},"1":{"name":"(anonymous_1)","decl":{"start":{"line":43,"column":4},"end":{"line":43,"column":5}},"loc":{"start":{"line":43,"column":10},"end":{"line":43,"column":55}},"line":43},"2":{"name":"(anonymous_2)","decl":{"start":{"line":43,"column":23},"end":{"line":43,"column":24}},"loc":{"start":{"line":43,"column":35},"end":{"line":43,"column":54}},"line":43},"3":{"name":"(anonymous_3)","decl":{"start":{"line":49,"column":41},"end":{"line":49,"column":42}},"loc":{"start":{"line":49,"column":48},"end":{"line":51,"column":3}},"line":49},"4":{"name":"(anonymous_4)","decl":{"start":{"line":53,"column":12},"end":{"line":53,"column":13}},"loc":{"start":{"line":53,"column":18},"end":{"line":58,"column":3}},"line":53},"5":{"name":"(anonymous_5)","decl":{"start":{"line":73,"column":20},"end":{"line":73,"column":21}},"loc":{"start":{"line":73,"column":26},"end":{"line":73,"column":42}},"line":73},"6":{"name":"(anonymous_6)","decl":{"start":{"line":81,"column":23},"end":{"line":81,"column":24}},"loc":{"start":{"line":81,"column":33},"end":{"line":103,"column":11}},"line":81},"7":{"name":"(anonymous_7)","decl":{"start":{"line":91,"column":25},"end":{"line":91,"column":26}},"loc":{"start":{"line":91,"column":31},"end":{"line":94,"column":17}},"line":91},"8":{"name":"(anonymous_8)","decl":{"start":{"line":108,"column":17},"end":{"line":108,"column":18}},"loc":{"start":{"line":108,"column":23},"end":{"line":108,"column":49}},"line":108},"9":{"name":"(anonymous_9)","decl":{"start":{"line":108,"column":33},"end":{"line":108,"column":34}},"loc":{"start":{"line":108,"column":43},"end":{"line":108,"column":48}},"line":108}},"branchMap":{"0":{"loc":{"start":{"line":38,"column":2},"end":{"line":38,"column":21}},"type":"default-arg","locations":[{"start":{"line":38,"column":16},"end":{"line":38,"column":21}}],"line":38},"1":{"loc":{"start":{"line":55,"column":6},"end":{"line":55,"column":21}},"type":"cond-expr","locations":[{"start":{"line":55,"column":15},"end":{"line":55,"column":16}},{"start":{"line":55,"column":19},"end":{"line":55,"column":21}}],"line":55},"2":{"loc":{"start":{"line":56,"column":17},"end":{"line":56,"column":32}},"type":"cond-expr","locations":[{"start":{"line":56,"column":26},"end":{"line":56,"column":28}},{"start":{"line":56,"column":31},"end":{"line":56,"column":32}}],"line":56},"3":{"loc":{"start":{"line":71,"column":25},"end":{"line":71,"column":49}},"type":"cond-expr","locations":[{"start":{"line":71,"column":34},"end":{"line":71,"column":40}},{"start":{"line":71,"column":43},"end":{"line":71,"column":49}}],"line":71},"4":{"loc":{"start":{"line":75,"column":7},"end":{"line":105,"column":7}},"type":"binary-expr","locations":[{"start":{"line":75,"column":7},"end":{"line":75,"column":13}},{"start":{"line":76,"column":8},"end":{"line":104,"column":24}}],"line":75},"5":{"loc":{"start":{"line":89,"column":18},"end":{"line":89,"column":64}},"type":"cond-expr","locations":[{"start":{"line":89,"column":31},"end":{"line":89,"column":52}},{"start":{"line":89,"column":55},"end":{"line":89,"column":64}}],"line":89},"6":{"loc":{"start":{"line":97,"column":25},"end":{"line":97,"column":63}},"type":"cond-expr","locations":[{"start":{"line":97,"column":38},"end":{"line":97,"column":51}},{"start":{"line":97,"column":54},"end":{"line":97,"column":63}}],"line":97},"7":{"loc":{"start":{"line":98,"column":24},"end":{"line":98,"column":66}},"type":"cond-expr","locations":[{"start":{"line":98,"column":37},"end":{"line":98,"column":50}},{"start":{"line":98,"column":53},"end":{"line":98,"column":66}}],"line":98},"8":{"loc":{"start":{"line":112,"column":11},"end":{"line":112,"column":59}},"type":"cond-expr","locations":[{"start":{"line":112,"column":28},"end":{"line":112,"column":48}},{"start":{"line":112,"column":51},"end":{"line":112,"column":59}}],"line":112}},"s":{"0":0,"1":0,"2":0,"3":0,"4":0,"5":0,"6":0,"7":0,"8":0,"9":0,"10":0,"11":0,"12":0,"13":0,"14":0,"15":0,"16":0,"17":0,"18":0,"19":0,"20":0},"f":{"0":0,"1":0,"2":0,"3":0,"4":0,"5":0,"6":0,"7":0,"8":0,"9":0},"b":{"0":[0],"1":[0,0],"2":[0,0],"3":[0,0],"4":[0,0],"5":[0,0],"6":[0,0],"7":[0,0],"8":[0,0]}}
,"C:\\Users\\Admin\\Desktop\\New folder\\hacker-native\\components\\Spinner.tsx": {"path":"C:\\Users\\Admin\\Desktop\\New folder\\hacker-native\\components\\Spinner.tsx","statementMap":{"0":{"start":{"line":8,"column":23},"end":{"line":36,"column":1}},"1":{"start":{"line":9,"column":26},"end":{"line":9,"column":47}},"2":{"start":{"line":11,"column":2},"end":{"line":20,"column":9}},"3":{"start":{"line":12,"column":4},"end":{"line":19,"column":14}},"4":{"start":{"line":22,"column":17},"end":{"line":25,"column":4}},"5":{"start":{"line":27,"column":2},"end":{"line":35,"column":4}}},"fnMap":{"0":{"name":"(anonymous_0)","decl":{"start":{"line":8,"column":23},"end":{"line":8,"column":24}},"loc":{"start":{"line":8,"column":47},"end":{"line":36,"column":1}},"line":8},"1":{"name":"(anonymous_1)","decl":{"start":{"line":11,"column":12},"end":{"line":11,"column":13}},"loc":{"start":{"line":11,"column":18},"end":{"line":20,"column":3}},"line":11}},"branchMap":{"0":{"loc":{"start":{"line":33,"column":32},"end":{"line":33,"column":68}},"type":"cond-expr","locations":[{"start":{"line":33,"column":53},"end":{"line":33,"column":59}},{"start":{"line":33,"column":62},"end":{"line":33,"column":68}}],"line":33}},"s":{"0":4,"1":0,"2":0,"3":0,"4":0,"5":0},"f":{"0":0,"1":0},"b":{"0":[0,0]},"_coverageSchema":"1a1c01bbd47fc00a2c39e90264f33305004495a9","hash":"283ce3b9180861662a756b40d90d22540d5a57ff"}
,"C:\\Users\\Admin\\Desktop\\New folder\\hacker-native\\components\\comments\\comment.tsx": {"path":"C:\\Users\\Admin\\Desktop\\New folder\\hacker-native\\components\\comments\\comment.tsx","statementMap":{"0":{"start":{"line":20,"column":23},"end":{"line":125,"column":1}},"1":{"start":{"line":21,"column":13},"end":{"line":21,"column":29}},"2":{"start":{"line":22,"column":19},"end":{"line":22,"column":32}},"3":{"start":{"line":23,"column":33},"end":{"line":23,"column":54}},"4":{"start":{"line":25,"column":2},"end":{"line":124,"column":4}},"5":{"start":{"line":36,"column":25},"end":{"line":36,"column":57}},"6":{"start":{"line":81,"column":12},"end":{"line":83,"column":14}},"7":{"start":{"line":102,"column":12},"end":{"line":105,"column":15}},"8":{"start":{"line":106,"column":12},"end":{"line":106,"column":66}},"9":{"start":{"line":127,"column":15},"end":{"line":142,"column":2}}},"fnMap":{"0":{"name":"(anonymous_0)","decl":{"start":{"line":20,"column":23},"end":{"line":20,"column":24}},"loc":{"start":{"line":20,"column":39},"end":{"line":125,"column":1}},"line":20},"1":{"name":"(anonymous_1)","decl":{"start":{"line":36,"column":19},"end":{"line":36,"column":20}},"loc":{"start":{"line":36,"column":25},"end":{"line":36,"column":57}},"line":36},"2":{"name":"(anonymous_2)","decl":{"start":{"line":80,"column":19},"end":{"line":80,"column":20}},"loc":{"start":{"line":80,"column":31},"end":{"line":84,"column":11}},"line":80},"3":{"name":"(anonymous_3)","decl":{"start":{"line":101,"column":19},"end":{"line":101,"column":20}},"loc":{"start":{"line":101,"column":31},"end":{"line":107,"column":11}},"line":101}},"branchMap":{"0":{"loc":{"start":{"line":52,"column":9},"end":{"line":58,"column":9}},"type":"binary-expr","locations":[{"start":{"line":52,"column":9},"end":{"line":52,"column":18}},{"start":{"line":53,"column":10},"end":{"line":57,"column":17}}],"line":52},"1":{"loc":{"start":{"line":60,"column":7},"end":{"line":76,"column":7}},"type":"binary-expr","locations":[{"start":{"line":60,"column":7},"end":{"line":60,"column":36}},{"start":{"line":61,"column":8},"end":{"line":75,"column":15}}],"line":60},"2":{"loc":{"start":{"line":96,"column":13},"end":{"line":96,"column":28}},"type":"binary-expr","locations":[{"start":{"line":96,"column":13},"end":{"line":96,"column":23}},{"start":{"line":96,"column":27},"end":{"line":96,"column":28}}],"line":96},"3":{"loc":{"start":{"line":119,"column":13},"end":{"line":119,"column":35}},"type":"binary-expr","locations":[{"start":{"line":119,"column":13},"end":{"line":119,"column":30}},{"start":{"line":119,"column":34},"end":{"line":119,"column":35}}],"line":119}},"s":{"0":0,"1":0,"2":0,"3":0,"4":0,"5":0,"6":0,"7":0,"8":0,"9":0},"f":{"0":0,"1":0,"2":0,"3":0},"b":{"0":[0,0],"1":[0,0],"2":[0,0],"3":[0,0]}}
,"C:\\Users\\Admin\\Desktop\\New folder\\hacker-native\\components\\comments\\comments.tsx": {"path":"C:\\Users\\Admin\\Desktop\\New folder\\hacker-native\\components\\comments\\comments.tsx","statementMap":{"0":{"start":{"line":17,"column":24},"end":{"line":82,"column":1}},"1":{"start":{"line":18,"column":21},"end":{"line":18,"column":40}},"2":{"start":{"line":20,"column":4},"end":{"line":43,"column":6}},"3":{"start":{"line":23,"column":8},"end":{"line":23,"column":29}},"4":{"start":{"line":23,"column":19},"end":{"line":23,"column":29}},"5":{"start":{"line":25,"column":24},"end":{"line":25,"column":73}},"6":{"start":{"line":26,"column":33},"end":{"line":28,"column":9}},"7":{"start":{"line":27,"column":30},"end":{"line":27,"column":48}},"8":{"start":{"line":29,"column":22},"end":{"line":31,"column":9}},"9":{"start":{"line":30,"column":40},"end":{"line":30,"column":50}},"10":{"start":{"line":33,"column":8},"end":{"line":33,"column":21}},"11":{"start":{"line":36,"column":8},"end":{"line":36,"column":36}},"12":{"start":{"line":36,"column":19},"end":{"line":36,"column":36}},"13":{"start":{"line":38,"column":25},"end":{"line":38,"column":57}},"14":{"start":{"line":39,"column":8},"end":{"line":39,"column":61}},"15":{"start":{"line":45,"column":19},"end":{"line":49,"column":12}},"16":{"start":{"line":46,"column":4},"end":{"line":48,"column":72}},"17":{"start":{"line":48,"column":37},"end":{"line":48,"column":70}},"18":{"start":{"line":51,"column":2},"end":{"line":81,"column":4}},"19":{"start":{"line":54,"column":33},"end":{"line":54,"column":41}},"20":{"start":{"line":56,"column":30},"end":{"line":56,"column":48}},"21":{"start":{"line":60,"column":8},"end":{"line":60,"column":41}},"22":{"start":{"line":60,"column":25},"end":{"line":60,"column":41}},"23":{"start":{"line":65,"column":8},"end":{"line":65,"column":67}},"24":{"start":{"line":65,"column":24},"end":{"line":65,"column":67}},"25":{"start":{"line":67,"column":8},"end":{"line":77,"column":10}},"26":{"start":{"line":84,"column":41},"end":{"line":86,"column":1}},"27":{"start":{"line":85,"column":2},"end":{"line":85,"column":31}},"28":{"start":{"line":88,"column":31},"end":{"line":90,"column":1}},"29":{"start":{"line":89,"column":2},"end":{"line":89,"column":47}}},"fnMap":{"0":{"name":"(anonymous_0)","decl":{"start":{"line":17,"column":24},"end":{"line":17,"column":25}},"loc":{"start":{"line":17,"column":59},"end":{"line":82,"column":1}},"line":17},"1":{"name":"(anonymous_1)","decl":{"start":{"line":22,"column":15},"end":{"line":22,"column":16}},"loc":{"start":{"line":22,"column":44},"end":{"line":34,"column":7}},"line":22},"2":{"name":"(anonymous_2)","decl":{"start":{"line":27,"column":22},"end":{"line":27,"column":23}},"loc":{"start":{"line":27,"column":30},"end":{"line":27,"column":48}},"line":27},"3":{"name":"(anonymous_3)","decl":{"start":{"line":30,"column":31},"end":{"line":30,"column":32}},"loc":{"start":{"line":30,"column":40},"end":{"line":30,"column":50}},"line":30},"4":{"name":"(anonymous_4)","decl":{"start":{"line":35,"column":24},"end":{"line":35,"column":25}},"loc":{"start":{"line":35,"column":48},"end":{"line":40,"column":7}},"line":35},"5":{"name":"(anonymous_5)","decl":{"start":{"line":45,"column":27},"end":{"line":45,"column":28}},"loc":{"start":{"line":45,"column":33},"end":{"line":49,"column":3}},"line":45},"6":{"name":"(anonymous_6)","decl":{"start":{"line":48,"column":14},"end":{"line":48,"column":15}},"loc":{"start":{"line":48,"column":37},"end":{"line":48,"column":70}},"line":48},"7":{"name":"(anonymous_7)","decl":{"start":{"line":54,"column":27},"end":{"line":54,"column":28}},"loc":{"start":{"line":54,"column":33},"end":{"line":54,"column":41}},"line":54},"8":{"name":"(anonymous_8)","decl":{"start":{"line":56,"column":20},"end":{"line":56,"column":21}},"loc":{"start":{"line":56,"column":30},"end":{"line":56,"column":48}},"line":56},"9":{"name":"(anonymous_9)","decl":{"start":{"line":59,"column":20},"end":{"line":59,"column":21}},"loc":{"start":{"line":59,"column":26},"end":{"line":61,"column":7}},"line":59},"10":{"name":"(anonymous_10)","decl":{"start":{"line":64,"column":27},"end":{"line":64,"column":28}},"loc":{"start":{"line":64,"column":33},"end":{"line":78,"column":7}},"line":64},"11":{"name":"(anonymous_11)","decl":{"start":{"line":84,"column":41},"end":{"line":84,"column":42}},"loc":{"start":{"line":84,"column":55},"end":{"line":86,"column":1}},"line":84},"12":{"name":"(anonymous_12)","decl":{"start":{"line":88,"column":31},"end":{"line":88,"column":32}},"loc":{"start":{"line":89,"column":2},"end":{"line":89,"column":47}},"line":89}},"branchMap":{"0":{"loc":{"start":{"line":22,"column":24},"end":{"line":22,"column":37}},"type":"default-arg","locations":[{"start":{"line":22,"column":36},"end":{"line":22,"column":37}}],"line":22},"1":{"loc":{"start":{"line":23,"column":8},"end":{"line":23,"column":29}},"type":"if","locations":[{"start":{"line":23,"column":8},"end":{"line":23,"column":29}},{"start":{},"end":{}}],"line":23},"2":{"loc":{"start":{"line":36,"column":8},"end":{"line":36,"column":36}},"type":"if","locations":[{"start":{"line":36,"column":8},"end":{"line":36,"column":36}},{"start":{},"end":{}}],"line":36},"3":{"loc":{"start":{"line":39,"column":15},"end":{"line":39,"column":60}},"type":"cond-expr","locations":[{"start":{"line":39,"column":40},"end":{"line":39,"column":48}},{"start":{"line":39,"column":51},"end":{"line":39,"column":60}}],"line":39},"4":{"loc":{"start":{"line":48,"column":37},"end":{"line":48,"column":70}},"type":"binary-expr","locations":[{"start":{"line":48,"column":37},"end":{"line":48,"column":50}},{"start":{"line":48,"column":54},"end":{"line":48,"column":70}}],"line":48},"5":{"loc":{"start":{"line":60,"column":8},"end":{"line":60,"column":41}},"type":"if","locations":[{"start":{"line":60,"column":8},"end":{"line":60,"column":41}},{"start":{},"end":{}}],"line":60},"6":{"loc":{"start":{"line":65,"column":8},"end":{"line":65,"column":67}},"type":"if","locations":[{"start":{"line":65,"column":8},"end":{"line":65,"column":67}},{"start":{},"end":{}}],"line":65}},"s":{"0":0,"1":0,"2":0,"3":0,"4":0,"5":0,"6":0,"7":0,"8":0,"9":0,"10":0,"11":0,"12":0,"13":0,"14":0,"15":0,"16":0,"17":0,"18":0,"19":0,"20":0,"21":0,"22":0,"23":0,"24":0,"25":0,"26":0,"27":0,"28":0,"29":0},"f":{"0":0,"1":0,"2":0,"3":0,"4":0,"5":0,"6":0,"7":0,"8":0,"9":0,"10":0,"11":0,"12":0},"b":{"0":[0],"1":[0,0],"2":[0,0],"3":[0,0],"4":[0,0],"5":[0,0],"6":[0,0]}}
,"C:\\Users\\Admin\\Desktop\\New folder\\hacker-native\\components\\posts\\Post.tsx": {"path":"C:\\Users\\Admin\\Desktop\\New folder\\hacker-native\\components\\posts\\Post.tsx","statementMap":{"0":{"start":{"line":18,"column":20},"end":{"line":114,"column":1}},"1":{"start":{"line":19,"column":13},"end":{"line":19,"column":29}},"2":{"start":{"line":21,"column":21},"end":{"line":23,"column":12}},"3":{"start":{"line":22,"column":4},"end":{"line":22,"column":30}},"4":{"start":{"line":25,"column":28},"end":{"line":31,"column":3}},"5":{"start":{"line":26,"column":4},"end":{"line":29,"column":7}},"6":{"start":{"line":30,"column":4},"end":{"line":30,"column":53}},"7":{"start":{"line":33,"column":2},"end":{"line":113,"column":4}},"8":{"start":{"line":38,"column":10},"end":{"line":39,"column":41}},"9":{"start":{"line":38,"column":26},"end":{"line":38,"column":47}},"10":{"start":{"line":39,"column":15},"end":{"line":39,"column":41}},"11":{"start":{"line":51,"column":12},"end":{"line":53,"column":14}},"12":{"start":{"line":72,"column":12},"end":{"line":72,"column":38}},"13":{"start":{"line":93,"column":14},"end":{"line":93,"column":35}},"14":{"start":{"line":116,"column":15},"end":{"line":131,"column":2}}},"fnMap":{"0":{"name":"(anonymous_0)","decl":{"start":{"line":18,"column":20},"end":{"line":18,"column":21}},"loc":{"start":{"line":18,"column":69},"end":{"line":114,"column":1}},"line":18},"1":{"name":"(anonymous_1)","decl":{"start":{"line":21,"column":29},"end":{"line":21,"column":30}},"loc":{"start":{"line":21,"column":35},"end":{"line":23,"column":3}},"line":21},"2":{"name":"(anonymous_2)","decl":{"start":{"line":25,"column":28},"end":{"line":25,"column":29}},"loc":{"start":{"line":25,"column":40},"end":{"line":31,"column":3}},"line":25},"3":{"name":"(anonymous_3)","decl":{"start":{"line":37,"column":17},"end":{"line":37,"column":18}},"loc":{"start":{"line":37,"column":29},"end":{"line":40,"column":9}},"line":37},"4":{"name":"(anonymous_4)","decl":{"start":{"line":50,"column":19},"end":{"line":50,"column":20}},"loc":{"start":{"line":50,"column":31},"end":{"line":54,"column":11}},"line":50},"5":{"name":"(anonymous_5)","decl":{"start":{"line":71,"column":19},"end":{"line":71,"column":20}},"loc":{"start":{"line":71,"column":31},"end":{"line":73,"column":11}},"line":71},"6":{"name":"(anonymous_6)","decl":{"start":{"line":92,"column":21},"end":{"line":92,"column":22}},"loc":{"start":{"line":92,"column":27},"end":{"line":94,"column":13}},"line":92}},"branchMap":{"0":{"loc":{"start":{"line":38,"column":10},"end":{"line":39,"column":41}},"type":"if","locations":[{"start":{"line":38,"column":10},"end":{"line":39,"column":41}},{"start":{"line":39,"column":15},"end":{"line":39,"column":41}}],"line":38},"1":{"loc":{"start":{"line":85,"column":13},"end":{"line":85,"column":30}},"type":"binary-expr","locations":[{"start":{"line":85,"column":13},"end":{"line":85,"column":25}},{"start":{"line":85,"column":29},"end":{"line":85,"column":30}}],"line":85},"2":{"loc":{"start":{"line":88,"column":9},"end":{"line":110,"column":9}},"type":"binary-expr","locations":[{"start":{"line":88,"column":9},"end":{"line":88,"column":12}},{"start":{"line":89,"column":10},"end":{"line":109,"column":22}}],"line":88}},"s":{"0":4,"1":12,"2":12,"3":12,"4":12,"5":1,"6":1,"7":12,"8":1,"9":0,"10":1,"11":0,"12":0,"13":0,"14":4},"f":{"0":12,"1":12,"2":1,"3":1,"4":0,"5":0,"6":0},"b":{"0":[0,1],"1":[12,12],"2":[12,0]},"_coverageSchema":"1a1c01bbd47fc00a2c39e90264f33305004495a9","hash":"4bf699d51d634003d81ca4fa06f09a06672eacd4"}
,"C:\\Users\\Admin\\Desktop\\New folder\\hacker-native\\components\\posts\\Posts.tsx": {"path":"C:\\Users\\Admin\\Desktop\\New folder\\hacker-native\\components\\posts\\Posts.tsx","statementMap":{"0":{"start":{"line":16,"column":41},"end":{"line":22,"column":1}},"1":{"start":{"line":17,"column":2},"end":{"line":21,"column":4}},"2":{"start":{"line":24,"column":31},"end":{"line":26,"column":1}},"3":{"start":{"line":25,"column":2},"end":{"line":25,"column":65}},"4":{"start":{"line":28,"column":21},"end":{"line":131,"column":1}},"5":{"start":{"line":29,"column":28},"end":{"line":29,"column":57}},"6":{"start":{"line":31,"column":25},"end":{"line":45,"column":4}},"7":{"start":{"line":34,"column":6},"end":{"line":43,"column":7}},"8":{"start":{"line":35,"column":27},"end":{"line":35,"column":71}},"9":{"start":{"line":36,"column":20},"end":{"line":36,"column":38}},"10":{"start":{"line":37,"column":27},"end":{"line":37,"column":43}},"11":{"start":{"line":38,"column":8},"end":{"line":38,"column":23}},"12":{"start":{"line":39,"column":8},"end":{"line":39,"column":26}},"13":{"start":{"line":41,"column":8},"end":{"line":41,"column":40}},"14":{"start":{"line":42,"column":8},"end":{"line":42,"column":18}},"15":{"start":{"line":47,"column":58},"end":{"line":73,"column":4}},"16":{"start":{"line":50,"column":6},"end":{"line":50,"column":42}},"17":{"start":{"line":50,"column":32},"end":{"line":50,"column":42}},"18":{"start":{"line":52,"column":22},"end":{"line":55,"column":7}},"19":{"start":{"line":56,"column":31},"end":{"line":58,"column":7}},"20":{"start":{"line":57,"column":28},"end":{"line":57,"column":46}},"21":{"start":{"line":59,"column":20},"end":{"line":61,"column":7}},"22":{"start":{"line":60,"column":38},"end":{"line":60,"column":48}},"23":{"start":{"line":63,"column":6},"end":{"line":63,"column":19}},"24":{"start":{"line":66,"column":6},"end":{"line":66,"column":49}},"25":{"start":{"line":66,"column":32},"end":{"line":66,"column":49}},"26":{"start":{"line":68,"column":23},"end":{"line":68,"column":55}},"27":{"start":{"line":69,"column":6},"end":{"line":69,"column":74}},"28":{"start":{"line":75,"column":16},"end":{"line":80,"column":12}},"29":{"start":{"line":76,"column":4},"end":{"line":76,"column":32}},"30":{"start":{"line":76,"column":22},"end":{"line":76,"column":32}},"31":{"start":{"line":77,"column":22},"end":{"line":77,"column":39}},"32":{"start":{"line":78,"column":21},"end":{"line":78,"column":95}},"33":{"start":{"line":78,"column":61},"end":{"line":78,"column":94}},"34":{"start":{"line":79,"column":4},"end":{"line":79,"column":20}},"35":{"start":{"line":83,"column":2},"end":{"line":89,"column":3}},"36":{"start":{"line":84,"column":4},"end":{"line":88,"column":6}},"37":{"start":{"line":92,"column":2},"end":{"line":98,"column":3}},"38":{"start":{"line":93,"column":4},"end":{"line":97,"column":6}},"39":{"start":{"line":100,"column":2},"end":{"line":130,"column":4}},"40":{"start":{"line":105,"column":30},"end":{"line":105,"column":48}},"41":{"start":{"line":109,"column":8},"end":{"line":109,"column":41}},"42":{"start":{"line":109,"column":25},"end":{"line":109,"column":41}},"43":{"start":{"line":114,"column":8},"end":{"line":114,"column":36}},"44":{"start":{"line":114,"column":24},"end":{"line":114,"column":36}},"45":{"start":{"line":116,"column":8},"end":{"line":126,"column":10}}},"fnMap":{"0":{"name":"(anonymous_0)","decl":{"start":{"line":16,"column":41},"end":{"line":16,"column":42}},"loc":{"start":{"line":16,"column":55},"end":{"line":22,"column":1}},"line":16},"1":{"name":"(anonymous_1)","decl":{"start":{"line":24,"column":31},"end":{"line":24,"column":32}},"loc":{"start":{"line":25,"column":2},"end":{"line":25,"column":65}},"line":25},"2":{"name":"(anonymous_2)","decl":{"start":{"line":28,"column":21},"end":{"line":28,"column":22}},"loc":{"start":{"line":28,"column":66},"end":{"line":131,"column":1}},"line":28},"3":{"name":"(anonymous_3)","decl":{"start":{"line":33,"column":13},"end":{"line":33,"column":14}},"loc":{"start":{"line":33,"column":25},"end":{"line":44,"column":5}},"line":33},"4":{"name":"(anonymous_4)","decl":{"start":{"line":49,"column":13},"end":{"line":49,"column":14}},"loc":{"start":{"line":49,"column":42},"end":{"line":64,"column":5}},"line":49},"5":{"name":"(anonymous_5)","decl":{"start":{"line":57,"column":20},"end":{"line":57,"column":21}},"loc":{"start":{"line":57,"column":28},"end":{"line":57,"column":46}},"line":57},"6":{"name":"(anonymous_6)","decl":{"start":{"line":60,"column":29},"end":{"line":60,"column":30}},"loc":{"start":{"line":60,"column":38},"end":{"line":60,"column":48}},"line":60},"7":{"name":"(anonymous_7)","decl":{"start":{"line":65,"column":22},"end":{"line":65,"column":23}},"loc":{"start":{"line":65,"column":46},"end":{"line":70,"column":5}},"line":65},"8":{"name":"(anonymous_8)","decl":{"start":{"line":75,"column":24},"end":{"line":75,"column":25}},"loc":{"start":{"line":75,"column":30},"end":{"line":80,"column":3}},"line":75},"9":{"name":"(anonymous_9)","decl":{"start":{"line":78,"column":38},"end":{"line":78,"column":39}},"loc":{"start":{"line":78,"column":61},"end":{"line":78,"column":94}},"line":78},"10":{"name":"(anonymous_10)","decl":{"start":{"line":105,"column":20},"end":{"line":105,"column":21}},"loc":{"start":{"line":105,"column":30},"end":{"line":105,"column":48}},"line":105},"11":{"name":"(anonymous_11)","decl":{"start":{"line":108,"column":20},"end":{"line":108,"column":21}},"loc":{"start":{"line":108,"column":26},"end":{"line":110,"column":7}},"line":108},"12":{"name":"(anonymous_12)","decl":{"start":{"line":113,"column":27},"end":{"line":113,"column":28}},"loc":{"start":{"line":113,"column":33},"end":{"line":127,"column":7}},"line":113}},"branchMap":{"0":{"loc":{"start":{"line":49,"column":22},"end":{"line":49,"column":35}},"type":"default-arg","locations":[{"start":{"line":49,"column":34},"end":{"line":49,"column":35}}],"line":49},"1":{"loc":{"start":{"line":50,"column":6},"end":{"line":50,"column":42}},"type":"if","locations":[{"start":{"line":50,"column":6},"end":{"line":50,"column":42}},{"start":{},"end":{}}],"line":50},"2":{"loc":{"start":{"line":66,"column":6},"end":{"line":66,"column":49}},"type":"if","locations":[{"start":{"line":66,"column":6},"end":{"line":66,"column":49}},{"start":{},"end":{}}],"line":66},"3":{"loc":{"start":{"line":69,"column":13},"end":{"line":69,"column":73}},"type":"cond-expr","locations":[{"start":{"line":69,"column":53},"end":{"line":69,"column":61}},{"start":{"line":69,"column":64},"end":{"line":69,"column":73}}],"line":69},"4":{"loc":{"start":{"line":76,"column":4},"end":{"line":76,"column":32}},"type":"if","locations":[{"start":{"line":76,"column":4},"end":{"line":76,"column":32}},{"start":{},"end":{}}],"line":76},"5":{"loc":{"start":{"line":78,"column":61},"end":{"line":78,"column":94}},"type":"binary-expr","locations":[{"start":{"line":78,"column":61},"end":{"line":78,"column":74}},{"start":{"line":78,"column":78},"end":{"line":78,"column":94}}],"line":78},"6":{"loc":{"start":{"line":83,"column":2},"end":{"line":89,"column":3}},"type":"if","locations":[{"start":{"line":83,"column":2},"end":{"line":89,"column":3}},{"start":{},"end":{}}],"line":83},"7":{"loc":{"start":{"line":92,"column":2},"end":{"line":98,"column":3}},"type":"if","locations":[{"start":{"line":92,"column":2},"end":{"line":98,"column":3}},{"start":{},"end":{}}],"line":92},"8":{"loc":{"start":{"line":92,"column":6},"end":{"line":92,"column":33}},"type":"binary-expr","locations":[{"start":{"line":92,"column":6},"end":{"line":92,"column":11}},{"start":{"line":92,"column":15},"end":{"line":92,"column":33}}],"line":92},"9":{"loc":{"start":{"line":109,"column":8},"end":{"line":109,"column":41}},"type":"if","locations":[{"start":{"line":109,"column":8},"end":{"line":109,"column":41}},{"start":{},"end":{}}],"line":109},"10":{"loc":{"start":{"line":114,"column":8},"end":{"line":114,"column":36}},"type":"if","locations":[{"start":{"line":114,"column":8},"end":{"line":114,"column":36}},{"start":{},"end":{}}],"line":114}},"s":{"0":4,"1":12,"2":4,"3":0,"4":4,"5":8,"6":8,"7":0,"8":0,"9":0,"10":0,"11":0,"12":0,"13":0,"14":0,"15":8,"16":0,"17":0,"18":0,"19":0,"20":0,"21":0,"22":0,"23":0,"24":0,"25":0,"26":0,"27":0,"28":8,"29":8,"30":0,"31":8,"32":8,"33":12,"34":8,"35":8,"36":0,"37":8,"38":3,"39":5,"40":12,"41":0,"42":0,"43":0,"44":0,"45":0},"f":{"0":12,"1":0,"2":8,"3":0,"4":0,"5":0,"6":0,"7":0,"8":8,"9":12,"10":12,"11":0,"12":0},"b":{"0":[0],"1":[0,0],"2":[0,0],"3":[0,0],"4":[0,8],"5":[12,12],"6":[0,8],"7":[3,5],"8":[8,8],"9":[0,0],"10":[0,0]},"_coverageSchema":"1a1c01bbd47fc00a2c39e90264f33305004495a9","hash":"a53ecec29ba63a079bf443133647a1d2895620ac"}
,"C:\\Users\\Admin\\Desktop\\New folder\\hacker-native\\components\\posts\\user-activities\\UserActivities.tsx": {"path":"C:\\Users\\Admin\\Desktop\\New folder\\hacker-native\\components\\posts\\user-activities\\UserActivities.tsx","statementMap":{"0":{"start":{"line":18,"column":26},"end":{"line":83,"column":1}},"1":{"start":{"line":19,"column":21},"end":{"line":19,"column":40}},"2":{"start":{"line":21,"column":4},"end":{"line":44,"column":6}},"3":{"start":{"line":24,"column":8},"end":{"line":24,"column":34}},"4":{"start":{"line":24,"column":24},"end":{"line":24,"column":34}},"5":{"start":{"line":26,"column":24},"end":{"line":26,"column":78}},"6":{"start":{"line":27,"column":33},"end":{"line":29,"column":9}},"7":{"start":{"line":28,"column":30},"end":{"line":28,"column":48}},"8":{"start":{"line":30,"column":27},"end":{"line":32,"column":9}},"9":{"start":{"line":31,"column":40},"end":{"line":31,"column":50}},"10":{"start":{"line":34,"column":8},"end":{"line":34,"column":26}},"11":{"start":{"line":37,"column":8},"end":{"line":37,"column":41}},"12":{"start":{"line":37,"column":24},"end":{"line":37,"column":41}},"13":{"start":{"line":39,"column":25},"end":{"line":39,"column":57}},"14":{"start":{"line":40,"column":8},"end":{"line":40,"column":66}},"15":{"start":{"line":46,"column":21},"end":{"line":50,"column":12}},"16":{"start":{"line":47,"column":4},"end":{"line":49,"column":72}},"17":{"start":{"line":49,"column":37},"end":{"line":49,"column":70}},"18":{"start":{"line":52,"column":2},"end":{"line":82,"column":4}},"19":{"start":{"line":55,"column":33},"end":{"line":55,"column":41}},"20":{"start":{"line":57,"column":30},"end":{"line":57,"column":48}},"21":{"start":{"line":61,"column":8},"end":{"line":61,"column":41}},"22":{"start":{"line":61,"column":25},"end":{"line":61,"column":41}},"23":{"start":{"line":66,"column":8},"end":{"line":66,"column":67}},"24":{"start":{"line":66,"column":24},"end":{"line":66,"column":67}},"25":{"start":{"line":68,"column":8},"end":{"line":78,"column":10}},"26":{"start":{"line":85,"column":41},"end":{"line":87,"column":1}},"27":{"start":{"line":86,"column":2},"end":{"line":86,"column":78}},"28":{"start":{"line":89,"column":31},"end":{"line":91,"column":1}},"29":{"start":{"line":90,"column":2},"end":{"line":90,"column":80}}},"fnMap":{"0":{"name":"(anonymous_0)","decl":{"start":{"line":18,"column":26},"end":{"line":18,"column":27}},"loc":{"start":{"line":18,"column":66},"end":{"line":83,"column":1}},"line":18},"1":{"name":"(anonymous_1)","decl":{"start":{"line":23,"column":15},"end":{"line":23,"column":16}},"loc":{"start":{"line":23,"column":44},"end":{"line":35,"column":7}},"line":23},"2":{"name":"(anonymous_2)","decl":{"start":{"line":28,"column":22},"end":{"line":28,"column":23}},"loc":{"start":{"line":28,"column":30},"end":{"line":28,"column":48}},"line":28},"3":{"name":"(anonymous_3)","decl":{"start":{"line":31,"column":31},"end":{"line":31,"column":32}},"loc":{"start":{"line":31,"column":40},"end":{"line":31,"column":50}},"line":31},"4":{"name":"(anonymous_4)","decl":{"start":{"line":36,"column":24},"end":{"line":36,"column":25}},"loc":{"start":{"line":36,"column":48},"end":{"line":41,"column":7}},"line":36},"5":{"name":"(anonymous_5)","decl":{"start":{"line":46,"column":29},"end":{"line":46,"column":30}},"loc":{"start":{"line":46,"column":35},"end":{"line":50,"column":3}},"line":46},"6":{"name":"(anonymous_6)","decl":{"start":{"line":49,"column":14},"end":{"line":49,"column":15}},"loc":{"start":{"line":49,"column":37},"end":{"line":49,"column":70}},"line":49},"7":{"name":"(anonymous_7)","decl":{"start":{"line":55,"column":27},"end":{"line":55,"column":28}},"loc":{"start":{"line":55,"column":33},"end":{"line":55,"column":41}},"line":55},"8":{"name":"(anonymous_8)","decl":{"start":{"line":57,"column":20},"end":{"line":57,"column":21}},"loc":{"start":{"line":57,"column":30},"end":{"line":57,"column":48}},"line":57},"9":{"name":"(anonymous_9)","decl":{"start":{"line":60,"column":20},"end":{"line":60,"column":21}},"loc":{"start":{"line":60,"column":26},"end":{"line":62,"column":7}},"line":60},"10":{"name":"(anonymous_10)","decl":{"start":{"line":65,"column":27},"end":{"line":65,"column":28}},"loc":{"start":{"line":65,"column":33},"end":{"line":79,"column":7}},"line":65},"11":{"name":"(anonymous_11)","decl":{"start":{"line":85,"column":41},"end":{"line":85,"column":42}},"loc":{"start":{"line":85,"column":55},"end":{"line":87,"column":1}},"line":85},"12":{"name":"(anonymous_12)","decl":{"start":{"line":89,"column":31},"end":{"line":89,"column":32}},"loc":{"start":{"line":90,"column":2},"end":{"line":90,"column":80}},"line":90}},"branchMap":{"0":{"loc":{"start":{"line":23,"column":24},"end":{"line":23,"column":37}},"type":"default-arg","locations":[{"start":{"line":23,"column":36},"end":{"line":23,"column":37}}],"line":23},"1":{"loc":{"start":{"line":24,"column":8},"end":{"line":24,"column":34}},"type":"if","locations":[{"start":{"line":24,"column":8},"end":{"line":24,"column":34}},{"start":{},"end":{}}],"line":24},"2":{"loc":{"start":{"line":37,"column":8},"end":{"line":37,"column":41}},"type":"if","locations":[{"start":{"line":37,"column":8},"end":{"line":37,"column":41}},{"start":{},"end":{}}],"line":37},"3":{"loc":{"start":{"line":40,"column":15},"end":{"line":40,"column":65}},"type":"cond-expr","locations":[{"start":{"line":40,"column":45},"end":{"line":40,"column":53}},{"start":{"line":40,"column":56},"end":{"line":40,"column":65}}],"line":40},"4":{"loc":{"start":{"line":49,"column":37},"end":{"line":49,"column":70}},"type":"binary-expr","locations":[{"start":{"line":49,"column":37},"end":{"line":49,"column":50}},{"start":{"line":49,"column":54},"end":{"line":49,"column":70}}],"line":49},"5":{"loc":{"start":{"line":61,"column":8},"end":{"line":61,"column":41}},"type":"if","locations":[{"start":{"line":61,"column":8},"end":{"line":61,"column":41}},{"start":{},"end":{}}],"line":61},"6":{"loc":{"start":{"line":66,"column":8},"end":{"line":66,"column":67}},"type":"if","locations":[{"start":{"line":66,"column":8},"end":{"line":66,"column":67}},{"start":{},"end":{}}],"line":66},"7":{"loc":{"start":{"line":86,"column":9},"end":{"line":86,"column":77}},"type":"cond-expr","locations":[{"start":{"line":86,"column":35},"end":{"line":86,"column":56}},{"start":{"line":86,"column":59},"end":{"line":86,"column":77}}],"line":86}},"s":{"0":0,"1":0,"2":0,"3":0,"4":0,"5":0,"6":0,"7":0,"8":0,"9":0,"10":0,"11":0,"12":0,"13":0,"14":0,"15":0,"16":0,"17":0,"18":0,"19":0,"20":0,"21":0,"22":0,"23":0,"24":0,"25":0,"26":0,"27":0,"28":0,"29":0},"f":{"0":0,"1":0,"2":0,"3":0,"4":0,"5":0,"6":0,"7":0,"8":0,"9":0,"10":0,"11":0,"12":0},"b":{"0":[0],"1":[0,0],"2":[0,0],"3":[0,0],"4":[0,0],"5":[0,0],"6":[0,0],"7":[0,0]}}
,"C:\\Users\\Admin\\Desktop\\New folder\\hacker-native\\constants\\Colors.ts": {"path":"C:\\Users\\Admin\\Desktop\\New folder\\hacker-native\\constants\\Colors.ts","statementMap":{"0":{"start":{"line":1,"column":22},"end":{"line":3,"column":1}}},"fnMap":{},"branchMap":{},"s":{"0":0},"f":{},"b":{}}
,"C:\\Users\\Admin\\Desktop\\New folder\\hacker-native\\constants\\item.ts": {"path":"C:\\Users\\Admin\\Desktop\\New folder\\hacker-native\\constants\\item.ts","statementMap":{"0":{"start":{"line":5,"column":38},"end":{"line":8,"column":1}},"1":{"start":{"line":5,"column":67},"end":{"line":8,"column":1}},"2":{"start":{"line":10,"column":51},"end":{"line":21,"column":1}},"3":{"start":{"line":11,"column":17},"end":{"line":11,"column":32}},"4":{"start":{"line":12,"column":2},"end":{"line":16,"column":3}},"5":{"start":{"line":13,"column":4},"end":{"line":15,"column":6}},"6":{"start":{"line":17,"column":14},"end":{"line":17,"column":42}},"7":{"start":{"line":18,"column":18},"end":{"line":18,"column":34}},"8":{"start":{"line":20,"column":2},"end":{"line":20,"column":17}}},"fnMap":{"0":{"name":"(anonymous_0)","decl":{"start":{"line":5,"column":38},"end":{"line":5,"column":39}},"loc":{"start":{"line":5,"column":67},"end":{"line":8,"column":1}},"line":5},"1":{"name":"(anonymous_1)","decl":{"start":{"line":10,"column":51},"end":{"line":10,"column":52}},"loc":{"start":{"line":10,"column":75},"end":{"line":21,"column":1}},"line":10}},"branchMap":{"0":{"loc":{"start":{"line":12,"column":2},"end":{"line":16,"column":3}},"type":"if","locations":[{"start":{"line":12,"column":2},"end":{"line":16,"column":3}},{"start":{},"end":{}}],"line":12},"1":{"loc":{"start":{"line":12,"column":6},"end":{"line":12,"column":62}},"type":"binary-expr","locations":[{"start":{"line":12,"column":6},"end":{"line":12,"column":32}},{"start":{"line":12,"column":36},"end":{"line":12,"column":62}}],"line":12}},"s":{"0":4,"1":1,"2":4,"3":0,"4":0,"5":0,"6":0,"7":0,"8":0},"f":{"0":1,"1":0},"b":{"0":[0,0],"1":[0,0]},"_coverageSchema":"1a1c01bbd47fc00a2c39e90264f33305004495a9","hash":"430b7afc32f270c6646d84ecd6d18634061958d7"}
,"C:\\Users\\Admin\\Desktop\\New folder\\hacker-native\\constants\\pagination.ts": {"path":"C:\\Users\\Admin\\Desktop\\New folder\\hacker-native\\constants\\pagination.ts","statementMap":{"0":{"start":{"line":1,"column":30},"end":{"line":1,"column":32}}},"fnMap":{},"branchMap":{},"s":{"0":4},"f":{},"b":{},"_coverageSchema":"1a1c01bbd47fc00a2c39e90264f33305004495a9","hash":"cd65095fae0511f8cd405a78d622b92593f86493"}
,"C:\\Users\\Admin\\Desktop\\New folder\\hacker-native\\constants\\stories.ts": {"path":"C:\\Users\\Admin\\Desktop\\New folder\\hacker-native\\constants\\stories.ts","statementMap":{"0":{"start":{"line":27,"column":45},"end":{"line":32,"column":1}},"1":{"start":{"line":34,"column":69},"end":{"line":39,"column":1}},"2":{"start":{"line":44,"column":4},"end":{"line":49,"column":1}}},"fnMap":{},"branchMap":{},"s":{"0":4,"1":4,"2":4},"f":{},"b":{},"_coverageSchema":"1a1c01bbd47fc00a2c39e90264f33305004495a9","hash":"107a94513c3cf1f75198ee77cb1def256250b555"}
,"C:\\Users\\Admin\\Desktop\\New folder\\hacker-native\\constants\\user.ts": {"path":"C:\\Users\\Admin\\Desktop\\New folder\\hacker-native\\constants\\user.ts","statementMap":{"0":{"start":{"line":6,"column":38},"end":{"line":9,"column":1}},"1":{"start":{"line":6,"column":67},"end":{"line":9,"column":1}},"2":{"start":{"line":11,"column":51},"end":{"line":22,"column":1}},"3":{"start":{"line":12,"column":17},"end":{"line":12,"column":32}},"4":{"start":{"line":13,"column":2},"end":{"line":17,"column":3}},"5":{"start":{"line":14,"column":4},"end":{"line":16,"column":6}},"6":{"start":{"line":18,"column":14},"end":{"line":18,"column":42}},"7":{"start":{"line":19,"column":18},"end":{"line":19,"column":34}},"8":{"start":{"line":21,"column":2},"end":{"line":21,"column":17}}},"fnMap":{"0":{"name":"(anonymous_0)","decl":{"start":{"line":6,"column":38},"end":{"line":6,"column":39}},"loc":{"start":{"line":6,"column":67},"end":{"line":9,"column":1}},"line":6},"1":{"name":"(anonymous_1)","decl":{"start":{"line":11,"column":51},"end":{"line":11,"column":52}},"loc":{"start":{"line":11,"column":75},"end":{"line":22,"column":1}},"line":11}},"branchMap":{"0":{"loc":{"start":{"line":13,"column":2},"end":{"line":17,"column":3}},"type":"if","locations":[{"start":{"line":13,"column":2},"end":{"line":17,"column":3}},{"start":{},"end":{}}],"line":13},"1":{"loc":{"start":{"line":13,"column":6},"end":{"line":13,"column":62}},"type":"binary-expr","locations":[{"start":{"line":13,"column":6},"end":{"line":13,"column":32}},{"start":{"line":13,"column":36},"end":{"line":13,"column":62}}],"line":13}},"s":{"0":0,"1":0,"2":0,"3":0,"4":0,"5":0,"6":0,"7":0,"8":0},"f":{"0":0,"1":0},"b":{"0":[0,0],"1":[0,0]}}
,"C:\\Users\\Admin\\Desktop\\New folder\\hacker-native\\lib\\text.ts": {"path":"C:\\Users\\Admin\\Desktop\\New folder\\hacker-native\\lib\\text.ts","statementMap":{"0":{"start":{"line":3,"column":18},"end":{"line":5,"column":1}},"1":{"start":{"line":4,"column":2},"end":{"line":4,"column":45}},"2":{"start":{"line":7,"column":26},"end":{"line":9,"column":1}},"3":{"start":{"line":8,"column":2},"end":{"line":8,"column":40}}},"fnMap":{"0":{"name":"(anonymous_0)","decl":{"start":{"line":3,"column":18},"end":{"line":3,"column":19}},"loc":{"start":{"line":3,"column":36},"end":{"line":5,"column":1}},"line":3},"1":{"name":"(anonymous_1)","decl":{"start":{"line":7,"column":26},"end":{"line":7,"column":27}},"loc":{"start":{"line":7,"column":44},"end":{"line":9,"column":1}},"line":7}},"branchMap":{},"s":{"0":0,"1":0,"2":0,"3":0},"f":{"0":0,"1":0},"b":{}}
,"C:\\Users\\Admin\\Desktop\\New folder\\hacker-native\\shared\\types.ts": {"path":"C:\\Users\\Admin\\Desktop\\New folder\\hacker-native\\shared\\types.ts","statementMap":{},"fnMap":{},"branchMap":{},"s":{},"f":{},"b":{}}
}
