TN:
SF:api\endpoints.ts
FN:9,(anonymous_0)
FN:15,(anonymous_1)
FN:21,(anonymous_2)
FN:27,(anonymous_3)
FN:33,(anonymous_4)
FN:39,(anonymous_5)
FNF:6
FNH:0
FNDA:0,(anonymous_0)
FNDA:0,(anonymous_1)
FNDA:0,(anonymous_2)
FNDA:0,(anonymous_3)
FNDA:0,(anonymous_4)
FNDA:0,(anonymous_5)
DA:9,4
DA:10,0
DA:15,4
DA:16,0
DA:21,4
DA:22,0
DA:27,4
DA:28,0
DA:33,4
DA:34,0
DA:39,4
DA:40,0
LF:12
LH:6
BRF:0
BRH:0
end_of_record
TN:
SF:app\[itemId].tsx
FN:22,ItemDetails
FN:75,(anonymous_1)
FN:122,(anonymous_2)
FN:143,(anonymous_3)
FN:165,(anonymous_4)
FN:197,(anonymous_5)
FNF:6
FNH:0
FNDA:0,ItemDetails
FNDA:0,(anonymous_1)
FNDA:0,(anonymous_2)
FNDA:0,(anonymous_3)
FNDA:0,(anonymous_4)
FNDA:0,(anonymous_5)
DA:23,0
DA:24,0
DA:26,0
DA:27,0
DA:30,0
DA:35,0
DA:41,0
DA:75,0
DA:123,0
DA:144,0
DA:166,0
DA:197,0
DA:232,0
LF:13
LH:0
BRDA:26,0,0,0
BRDA:26,0,1,0
BRDA:36,1,0,0
BRDA:36,1,1,0
BRDA:38,2,0,0
BRDA:38,2,1,0
BRDA:46,3,0,0
BRDA:46,3,1,0
BRDA:47,4,0,0
BRDA:47,4,1,0
BRDA:51,5,0,0
BRDA:51,5,1,0
BRDA:53,6,0,0
BRDA:53,6,1,0
BRDA:72,7,0,0
BRDA:72,7,1,0
BRDA:90,8,0,0
BRDA:90,8,1,0
BRDA:99,9,0,0
BRDA:99,9,1,0
BRDA:138,10,0,0
BRDA:138,10,1,0
BRDA:159,11,0,0
BRDA:159,11,1,0
BRDA:162,12,0,0
BRDA:162,12,1,0
BRDA:186,13,0,0
BRDA:186,13,1,0
BRDA:221,14,0,0
BRDA:221,14,1,0
BRDA:222,15,0,0
BRDA:222,15,1,0
BRDA:222,16,0,0
BRDA:222,16,1,0
BRF:34
BRH:0
end_of_record
TN:
SF:app\_layout.tsx
FN:13,Layout
FN:22,(anonymous_1)
FNF:2
FNH:0
FNDA:0,Layout
FNDA:0,(anonymous_1)
DA:11,0
DA:14,0
DA:16,0
DA:23,0
LF:4
LH:0
BRF:0
BRH:0
end_of_record
TN:
SF:app\index.tsx
FN:15,HomeScreen
FN:18,(anonymous_1)
FN:19,(anonymous_2)
FN:31,(anonymous_3)
FNF:4
FNH:0
FNDA:0,HomeScreen
FNDA:0,(anonymous_1)
FNDA:0,(anonymous_2)
FNDA:0,(anonymous_3)
DA:16,0
DA:18,0
DA:19,0
DA:26,0
DA:32,0
DA:50,0
LF:6
LH:0
BRF:0
BRH:0
end_of_record
TN:
SF:app\users\[userId].tsx
FN:17,UserDetails
FNF:1
FNH:0
FNDA:0,UserDetails
DA:18,0
DA:19,0
DA:21,0
DA:22,0
DA:25,0
DA:30,0
DA:54,0
LF:7
LH:0
BRDA:21,0,0,0
BRDA:21,0,1,0
BRDA:33,1,0,0
BRDA:33,1,1,0
BRDA:38,2,0,0
BRDA:38,2,1,0
BRDA:39,3,0,0
BRDA:39,3,1,0
BRF:8
BRH:0
end_of_record
TN:
SF:assets\icons\logo.tsx
FN:4,(anonymous_0)
FNF:1
FNH:0
FNDA:0,(anonymous_0)
DA:4,0
DA:5,0
LF:2
LH:0
BRF:0
BRH:0
end_of_record
TN:
SF:components\Avatar.tsx
FN:8,(anonymous_0)
FNF:1
FNH:0
FNDA:0,(anonymous_0)
DA:8,0
DA:9,0
DA:16,0
LF:3
LH:0
BRF:0
BRH:0
end_of_record
TN:
SF:components\FeedbackForm.tsx
FN:5,FeedbackForm
FN:11,(anonymous_1)
FN:13,(anonymous_2)
FN:29,(anonymous_3)
FN:32,(anonymous_4)
FN:36,(anonymous_5)
FN:58,(anonymous_6)
FN:61,(anonymous_7)
FN:64,(anonymous_8)
FNF:9
FNH:8
FNDA:12,FeedbackForm
FNDA:5,(anonymous_1)
FNDA:5,(anonymous_2)
FNDA:2,(anonymous_3)
FNDA:0,(anonymous_4)
FNDA:3,(anonymous_5)
FNDA:12,(anonymous_6)
FNDA:60,(anonymous_7)
FNDA:2,(anonymous_8)
DA:6,12
DA:7,12
DA:8,12
DA:9,12
DA:11,12
DA:13,5
DA:14,5
DA:15,5
DA:16,5
DA:17,1
DA:18,1
DA:19,1
DA:22,0
DA:26,5
DA:29,12
DA:30,2
DA:31,2
DA:32,0
DA:36,12
DA:37,3
DA:39,3
DA:40,1
DA:43,3
DA:44,1
DA:45,1
DA:48,2
DA:49,2
DA:50,2
DA:51,1
DA:52,1
DA:54,1
DA:58,12
DA:59,12
DA:62,60
DA:64,2
DA:76,12
LF:36
LH:34
BRDA:16,0,0,1
BRDA:16,0,1,4
BRDA:18,1,0,1
BRDA:18,1,1,0
BRDA:19,2,0,1
BRDA:19,2,1,0
BRDA:31,3,0,0
BRDA:31,3,1,2
BRDA:39,4,0,1
BRDA:39,4,1,2
BRDA:43,5,0,1
BRDA:43,5,1,2
BRDA:67,6,0,29
BRDA:67,6,1,31
BRDA:82,7,0,12
BRDA:82,7,1,1
BRDA:119,8,0,12
BRDA:119,8,1,1
BRDA:125,9,0,12
BRDA:125,9,1,1
BRF:20
BRH:17
end_of_record
TN:
SF:components\PostDetail.tsx
FN:21,PostDetail
FN:26,(anonymous_1)
FN:27,(anonymous_2)
FN:36,(anonymous_3)
FN:37,(anonymous_4)
FN:40,(anonymous_5)
FN:52,(anonymous_6)
FN:56,(anonymous_7)
FN:57,(anonymous_8)
FN:60,(anonymous_9)
FN:118,(anonymous_10)
FNF:11
FNH:11
FNDA:9,PostDetail
FNDA:4,(anonymous_1)
FNDA:4,(anonymous_2)
FNDA:6,(anonymous_3)
FNDA:6,(anonymous_4)
FNDA:6,(anonymous_5)
FNDA:1,(anonymous_6)
FNDA:2,(anonymous_7)
FNDA:2,(anonymous_8)
FNDA:2,(anonymous_9)
FNDA:8,(anonymous_10)
DA:22,9
DA:23,9
DA:24,9
DA:26,9
DA:27,4
DA:28,4
DA:29,4
DA:30,4
DA:31,4
DA:32,4
DA:35,4
DA:36,3
DA:37,6
DA:39,3
DA:40,6
DA:43,0
DA:45,4
DA:49,4
DA:52,9
DA:53,1
DA:55,1
DA:56,1
DA:57,2
DA:59,1
DA:60,2
DA:62,0
DA:66,9
DA:67,4
DA:74,5
DA:75,0
DA:82,5
DA:119,8
LF:32
LH:29
BRDA:35,0,0,3
BRDA:35,0,1,1
BRDA:35,1,0,4
BRDA:35,1,1,3
BRDA:40,2,0,6
BRDA:40,2,1,6
BRDA:53,3,0,0
BRDA:53,3,1,1
BRDA:60,4,0,2
BRDA:60,4,1,2
BRDA:66,5,0,4
BRDA:66,5,1,5
BRDA:74,6,0,0
BRDA:74,6,1,5
BRDA:92,7,0,5
BRDA:92,7,1,5
BRDA:115,8,0,1
BRDA:115,8,1,4
BRF:18
BRH:16
end_of_record
TN:
SF:components\Search.tsx
FN:10,Search
FN:16,(anonymous_1)
FN:22,(anonymous_2)
FN:32,(anonymous_3)
FN:33,(anonymous_4)
FN:37,(anonymous_5)
FN:51,(anonymous_6)
FN:54,(anonymous_7)
FN:89,(anonymous_8)
FNF:9
FNH:9
FNDA:12,Search
FNDA:7,(anonymous_1)
FNDA:1,(anonymous_2)
FNDA:2,(anonymous_3)
FNDA:2,(anonymous_4)
FNDA:2,(anonymous_5)
FNDA:3,(anonymous_6)
FNDA:2,(anonymous_7)
FNDA:2,(anonymous_8)
DA:11,12
DA:12,12
DA:13,12
DA:14,12
DA:16,12
DA:17,7
DA:18,4
DA:19,4
DA:22,3
DA:23,1
DA:24,1
DA:25,1
DA:28,1
DA:29,1
DA:32,1
DA:33,2
DA:36,1
DA:37,1
DA:38,2
DA:41,1
DA:43,0
DA:44,0
DA:46,1
DA:50,3
DA:51,3
DA:54,12
DA:55,2
DA:61,12
DA:89,2
LF:29
LH:27
BRDA:17,0,0,4
BRDA:17,0,1,3
BRDA:38,1,0,2
BRDA:38,1,1,2
BRDA:38,1,2,2
BRDA:77,2,0,12
BRDA:77,2,1,0
BRDA:79,3,0,12
BRDA:79,3,1,0
BRDA:81,4,0,12
BRDA:81,4,1,12
BRDA:81,4,2,12
BRDA:81,4,3,4
BRDA:81,4,4,3
BRDA:85,5,0,12
BRDA:85,5,1,1
BRF:16
BRH:14
end_of_record
TN:
SF:components\Select.tsx
FN:34,(anonymous_0)
FN:43,(anonymous_1)
FN:43,(anonymous_2)
FN:49,(anonymous_3)
FN:53,(anonymous_4)
FN:73,(anonymous_5)
FN:81,(anonymous_6)
FN:91,(anonymous_7)
FN:108,(anonymous_8)
FN:108,(anonymous_9)
FNF:10
FNH:0
FNDA:0,(anonymous_0)
FNDA:0,(anonymous_1)
FNDA:0,(anonymous_2)
FNDA:0,(anonymous_3)
FNDA:0,(anonymous_4)
FNDA:0,(anonymous_5)
FNDA:0,(anonymous_6)
FNDA:0,(anonymous_7)
FNDA:0,(anonymous_8)
FNDA:0,(anonymous_9)
DA:30,0
DA:32,0
DA:34,0
DA:40,0
DA:42,0
DA:43,0
DA:47,0
DA:49,0
DA:53,0
DA:54,0
DA:60,0
DA:73,0
DA:82,0
DA:84,0
DA:92,0
DA:93,0
DA:108,0
DA:119,0
LF:18
LH:0
BRDA:38,0,0,0
BRDA:55,1,0,0
BRDA:55,1,1,0
BRDA:56,2,0,0
BRDA:56,2,1,0
BRDA:71,3,0,0
BRDA:71,3,1,0
BRDA:75,4,0,0
BRDA:75,4,1,0
BRDA:89,5,0,0
BRDA:89,5,1,0
BRDA:97,6,0,0
BRDA:97,6,1,0
BRDA:98,7,0,0
BRDA:98,7,1,0
BRDA:112,8,0,0
BRDA:112,8,1,0
BRF:17
BRH:0
end_of_record
TN:
SF:components\Spinner.tsx
FN:8,(anonymous_0)
FN:11,(anonymous_1)
FNF:2
FNH:0
FNDA:0,(anonymous_0)
FNDA:0,(anonymous_1)
DA:8,4
DA:9,0
DA:11,0
DA:12,0
DA:22,0
DA:27,0
LF:6
LH:1
BRDA:33,0,0,0
BRDA:33,0,1,0
BRF:2
BRH:0
end_of_record
TN:
SF:components\comments\comment.tsx
FN:20,(anonymous_0)
FN:36,(anonymous_1)
FN:80,(anonymous_2)
FN:101,(anonymous_3)
FNF:4
FNH:0
FNDA:0,(anonymous_0)
FNDA:0,(anonymous_1)
FNDA:0,(anonymous_2)
FNDA:0,(anonymous_3)
DA:20,0
DA:21,0
DA:22,0
DA:23,0
DA:25,0
DA:36,0
DA:81,0
DA:102,0
DA:106,0
DA:127,0
LF:10
LH:0
BRDA:52,0,0,0
BRDA:52,0,1,0
BRDA:60,1,0,0
BRDA:60,1,1,0
BRDA:96,2,0,0
BRDA:96,2,1,0
BRDA:119,3,0,0
BRDA:119,3,1,0
BRF:8
BRH:0
end_of_record
TN:
SF:components\comments\comments.tsx
FN:17,(anonymous_0)
FN:22,(anonymous_1)
FN:27,(anonymous_2)
FN:30,(anonymous_3)
FN:35,(anonymous_4)
FN:45,(anonymous_5)
FN:48,(anonymous_6)
FN:54,(anonymous_7)
FN:56,(anonymous_8)
FN:59,(anonymous_9)
FN:64,(anonymous_10)
FN:84,(anonymous_11)
FN:88,(anonymous_12)
FNF:13
FNH:0
FNDA:0,(anonymous_0)
FNDA:0,(anonymous_1)
FNDA:0,(anonymous_2)
FNDA:0,(anonymous_3)
FNDA:0,(anonymous_4)
FNDA:0,(anonymous_5)
FNDA:0,(anonymous_6)
FNDA:0,(anonymous_7)
FNDA:0,(anonymous_8)
FNDA:0,(anonymous_9)
FNDA:0,(anonymous_10)
FNDA:0,(anonymous_11)
FNDA:0,(anonymous_12)
DA:17,0
DA:18,0
DA:20,0
DA:23,0
DA:25,0
DA:26,0
DA:27,0
DA:29,0
DA:30,0
DA:33,0
DA:36,0
DA:38,0
DA:39,0
DA:45,0
DA:46,0
DA:48,0
DA:51,0
DA:54,0
DA:56,0
DA:60,0
DA:65,0
DA:67,0
DA:84,0
DA:85,0
DA:88,0
DA:89,0
LF:26
LH:0
BRDA:22,0,0,0
BRDA:23,1,0,0
BRDA:23,1,1,0
BRDA:36,2,0,0
BRDA:36,2,1,0
BRDA:39,3,0,0
BRDA:39,3,1,0
BRDA:48,4,0,0
BRDA:48,4,1,0
BRDA:60,5,0,0
BRDA:60,5,1,0
BRDA:65,6,0,0
BRDA:65,6,1,0
BRF:13
BRH:0
end_of_record
TN:
SF:components\posts\Post.tsx
FN:18,(anonymous_0)
FN:21,(anonymous_1)
FN:25,(anonymous_2)
FN:37,(anonymous_3)
FN:50,(anonymous_4)
FN:71,(anonymous_5)
FN:92,(anonymous_6)
FNF:7
FNH:4
FNDA:12,(anonymous_0)
FNDA:12,(anonymous_1)
FNDA:1,(anonymous_2)
FNDA:1,(anonymous_3)
FNDA:0,(anonymous_4)
FNDA:0,(anonymous_5)
FNDA:0,(anonymous_6)
DA:18,4
DA:19,12
DA:21,12
DA:22,12
DA:25,12
DA:26,1
DA:30,1
DA:33,12
DA:38,1
DA:39,1
DA:51,0
DA:72,0
DA:93,0
DA:116,4
LF:14
LH:11
BRDA:38,0,0,0
BRDA:38,0,1,1
BRDA:85,1,0,12
BRDA:85,1,1,12
BRDA:88,2,0,12
BRDA:88,2,1,0
BRF:6
BRH:4
end_of_record
TN:
SF:components\posts\Posts.tsx
FN:16,(anonymous_0)
FN:24,(anonymous_1)
FN:28,(anonymous_2)
FN:33,(anonymous_3)
FN:49,(anonymous_4)
FN:57,(anonymous_5)
FN:60,(anonymous_6)
FN:65,(anonymous_7)
FN:75,(anonymous_8)
FN:78,(anonymous_9)
FN:105,(anonymous_10)
FN:108,(anonymous_11)
FN:113,(anonymous_12)
FNF:13
FNH:5
FNDA:12,(anonymous_0)
FNDA:0,(anonymous_1)
FNDA:8,(anonymous_2)
FNDA:0,(anonymous_3)
FNDA:0,(anonymous_4)
FNDA:0,(anonymous_5)
FNDA:0,(anonymous_6)
FNDA:0,(anonymous_7)
FNDA:8,(anonymous_8)
FNDA:12,(anonymous_9)
FNDA:12,(anonymous_10)
FNDA:0,(anonymous_11)
FNDA:0,(anonymous_12)
DA:16,4
DA:17,12
DA:24,4
DA:25,0
DA:28,4
DA:29,8
DA:31,8
DA:34,0
DA:35,0
DA:36,0
DA:37,0
DA:38,0
DA:39,0
DA:41,0
DA:42,0
DA:47,8
DA:50,0
DA:52,0
DA:56,0
DA:57,0
DA:59,0
DA:60,0
DA:63,0
DA:66,0
DA:68,0
DA:69,0
DA:75,8
DA:76,8
DA:77,8
DA:78,12
DA:79,8
DA:83,8
DA:84,0
DA:92,8
DA:93,3
DA:100,5
DA:105,12
DA:109,0
DA:114,0
DA:116,0
LF:40
LH:17
BRDA:49,0,0,0
BRDA:50,1,0,0
BRDA:50,1,1,0
BRDA:66,2,0,0
BRDA:66,2,1,0
BRDA:69,3,0,0
BRDA:69,3,1,0
BRDA:76,4,0,0
BRDA:76,4,1,8
BRDA:78,5,0,12
BRDA:78,5,1,12
BRDA:83,6,0,0
BRDA:83,6,1,8
BRDA:92,7,0,3
BRDA:92,7,1,5
BRDA:92,8,0,8
BRDA:92,8,1,8
BRDA:109,9,0,0
BRDA:109,9,1,0
BRDA:114,10,0,0
BRDA:114,10,1,0
BRF:21
BRH:8
end_of_record
TN:
SF:components\posts\user-activities\UserActivities.tsx
FN:18,(anonymous_0)
FN:23,(anonymous_1)
FN:28,(anonymous_2)
FN:31,(anonymous_3)
FN:36,(anonymous_4)
FN:46,(anonymous_5)
FN:49,(anonymous_6)
FN:55,(anonymous_7)
FN:57,(anonymous_8)
FN:60,(anonymous_9)
FN:65,(anonymous_10)
FN:85,(anonymous_11)
FN:89,(anonymous_12)
FNF:13
FNH:0
FNDA:0,(anonymous_0)
FNDA:0,(anonymous_1)
FNDA:0,(anonymous_2)
FNDA:0,(anonymous_3)
FNDA:0,(anonymous_4)
FNDA:0,(anonymous_5)
FNDA:0,(anonymous_6)
FNDA:0,(anonymous_7)
FNDA:0,(anonymous_8)
FNDA:0,(anonymous_9)
FNDA:0,(anonymous_10)
FNDA:0,(anonymous_11)
FNDA:0,(anonymous_12)
DA:18,0
DA:19,0
DA:21,0
DA:24,0
DA:26,0
DA:27,0
DA:28,0
DA:30,0
DA:31,0
DA:34,0
DA:37,0
DA:39,0
DA:40,0
DA:46,0
DA:47,0
DA:49,0
DA:52,0
DA:55,0
DA:57,0
DA:61,0
DA:66,0
DA:68,0
DA:85,0
DA:86,0
DA:89,0
DA:90,0
LF:26
LH:0
BRDA:23,0,0,0
BRDA:24,1,0,0
BRDA:24,1,1,0
BRDA:37,2,0,0
BRDA:37,2,1,0
BRDA:40,3,0,0
BRDA:40,3,1,0
BRDA:49,4,0,0
BRDA:49,4,1,0
BRDA:61,5,0,0
BRDA:61,5,1,0
BRDA:66,6,0,0
BRDA:66,6,1,0
BRDA:86,7,0,0
BRDA:86,7,1,0
BRF:15
BRH:0
end_of_record
TN:
SF:constants\Colors.ts
FNF:0
FNH:0
DA:1,0
LF:1
LH:0
BRF:0
BRH:0
end_of_record
TN:
SF:constants\item.ts
FN:5,(anonymous_0)
FN:10,(anonymous_1)
FNF:2
FNH:1
FNDA:1,(anonymous_0)
FNDA:0,(anonymous_1)
DA:5,4
DA:10,4
DA:11,0
DA:12,0
DA:13,0
DA:17,0
DA:18,0
DA:20,0
LF:8
LH:2
BRDA:12,0,0,0
BRDA:12,0,1,0
BRDA:12,1,0,0
BRDA:12,1,1,0
BRF:4
BRH:0
end_of_record
TN:
SF:constants\pagination.ts
FNF:0
FNH:0
DA:1,4
LF:1
LH:1
BRF:0
BRH:0
end_of_record
TN:
SF:constants\stories.ts
FNF:0
FNH:0
DA:27,4
DA:34,4
DA:44,4
LF:3
LH:3
BRF:0
BRH:0
end_of_record
TN:
SF:constants\user.ts
FN:6,(anonymous_0)
FN:11,(anonymous_1)
FNF:2
FNH:0
FNDA:0,(anonymous_0)
FNDA:0,(anonymous_1)
DA:6,0
DA:11,0
DA:12,0
DA:13,0
DA:14,0
DA:18,0
DA:19,0
DA:21,0
LF:8
LH:0
BRDA:13,0,0,0
BRDA:13,0,1,0
BRDA:13,1,0,0
BRDA:13,1,1,0
BRF:4
BRH:0
end_of_record
TN:
SF:lib\text.ts
FN:3,(anonymous_0)
FN:7,(anonymous_1)
FNF:2
FNH:0
FNDA:0,(anonymous_0)
FNDA:0,(anonymous_1)
DA:3,0
DA:4,0
DA:7,0
DA:8,0
LF:4
LH:0
BRF:0
BRH:0
end_of_record
TN:
SF:shared\types.ts
FNF:0
FNH:0
LF:0
LH:0
BRF:0
BRH:0
end_of_record
